2015-05-18 10:00 12:00  dev  
2015-05-18 10:00 12:00  dev  
2015-05-18 12:45 15:35  dev  
2015-05-18 12:45 15:35  dev  
2015-05-18 15:45 17:50  ops    R Pi  
2015-05-18 15:45 17:50  ops    R Pi  
2015-05-19 10:40 12:40  dev  
2015-05-19 10:40 12:40  dev  
2015-05-19 13:00 14:30  ops    restructured code for github  
2015-05-19 13:00 14:30  ops    restructured code for github  
2015-05-19 14:30 16:00  dev    ch8  
2015-05-19 14:30 16:00  dev    ch8  
2015-05-19 16:00 18:00  ops  
2015-05-19 16:00 18:00  ops  
2015-05-20 10:00 12:00  ops  
2015-05-20 10:00 12:00  ops  
2015-05-20 13:00 15:00  ops  
2015-05-20 13:00 15:00  ops  
2015-05-20 15:00 17:30  ops    R Pi OpenVPN samba deluge[d]  
2015-05-20 15:00 17:30  ops    R Pi OpenVPN samba deluge[d]  
2015-05-21 10:00 10:45  ops    ACS  
2015-05-21 10:00 10:45  ops    ACS  
2015-05-21 10:45 11:15  misc   community work (LUG)
2015-05-21 10:45 11:15  misc   community work (LUG)
2015-05-21 11:15 13:45  ops    ACS VM setup  
2015-05-21 11:15 13:45  ops    ACS VM setup  
2015-05-21 20:00 21:15  ops    R Pi OpenVPN samba deluge[d]  
2015-05-21 20:00 21:15  ops    R Pi OpenVPN samba deluge[d]  
2015-05-22 05:15 06:00  ops    slackware emacs  
2015-05-22 05:15 06:00  ops    slackware emacs  
2015-05-22 09:20 10:20  ops  
2015-05-22 09:20 10:20  ops  
2015-05-22 11:20 12:20  dev    ch8  
2015-05-22 11:20 12:20  dev    ch8  
2015-05-22 12:40 13:00  ops     
2015-05-22 12:40 13:00  ops     
2015-05-22 13:00 13:35  dev  
2015-05-22 13:00 13:35  dev  
2015-05-22 13:35 14:15  ops    Bash 
2015-05-22 13:35 14:15  ops    Bash 
2015-05-25 10:00 11:00  ops  
2015-05-25 10:00 11:00  ops  
2015-05-25 11:00 13:20  dev  
2015-05-25 11:00 13:20  dev  
2015-05-25 13:20 13:40  ops    Bash   
2015-05-25 13:20 13:40  ops    Bash   
2015-05-25 13:40 15:10  misc   other wrote and rehearsed ACS speech  
2015-05-25 13:40 15:10  misc   other wrote and rehearsed ACS speech  
2015-05-25 15:10 17:55  ops    debian, iptables, LAMP, phpBB  
2015-05-25 15:10 17:55  ops    debian, iptables, LAMP, phpBB  
2015-05-26 20:00 21:30  ops    exim4  
2015-05-26 20:00 21:30  ops    exim4  
2015-05-27 10:30 13:00  dev  
2015-05-27 10:30 13:00  dev  
2015-05-27 14:00 15:00  misc   ACS speech  
2015-05-27 14:00 15:00  misc   ACS speech  
2015-05-27 15:00 17:00  ops    DNS exim4 DKIM  
2015-05-27 15:00 17:00  ops    DNS exim4 DKIM  
2015-05-27 20:45 21:45  ops    website setup  
2015-05-27 20:45 21:45  ops    website setup  
2015-05-28 10:00 12:00  dev    sockets sctp  
2015-05-28 10:00 12:00  dev    sockets sctp  
2015-05-28 12:00 13:00  ops  
2015-05-28 12:00 13:00  ops  
2015-05-28 13:00 15:00  dev  
2015-05-28 13:00 15:00  dev  
2015-05-28 15:00 16:00  ops     
2015-05-28 15:00 16:00  ops     
2015-05-28 16:30 17:30  dev    personal website  
2015-05-28 16:30 17:30  dev    personal website  
2015-05-29 05:30 07:00  dev  
2015-05-29 05:30 07:00  dev  
2015-05-29 09:30 12:30  dev  
2015-05-29 09:30 12:30  dev  
2015-06-01 11:20 12:20  ops  
2015-06-01 11:20 12:20  ops  
2015-06-01 12:20 13:20  ops  
2015-06-01 12:20 13:20  ops  
2015-06-01 13:20 15:20  dev  
2015-06-01 13:20 15:20  dev  
2015-06-01 15:20 16:30  dev  
2015-06-01 15:20 16:30  dev  
2015-06-01 16:30 18:15  dev  
2015-06-01 16:30 18:15  dev  
2015-06-02 09:30 11:30  dev  
2015-06-02 09:30 11:30  dev  
2015-06-02 11:45 12:45  dev  
2015-06-02 11:45 12:45  dev  
2015-06-02 13:30 16:00  ops    arch  
2015-06-02 13:30 16:00  ops    arch  
2015-06-02 16:00 16:40  ops    network  
2015-06-02 16:00 16:40  ops    network  
2015-06-02 16:40 18:00  dev  
2015-06-02 16:40 18:00  dev  
2015-06-03 10:00 12:00  dev  
2015-06-03 10:00 12:00  dev  
2015-06-03 12:00 12:30  ops    email and formum admin  
2015-06-03 12:00 12:30  ops    email and formum admin  
2015-06-03 13:00 15:00  dev  
2015-06-03 13:00 15:00  dev  
2015-06-03 15:00 15:30  ops  
2015-06-03 15:00 15:30  ops  
2015-06-04 10:00 11:00  ops  
2015-06-04 10:00 11:00  ops  
2015-06-04 11:00 12:00  dev  
2015-06-04 11:00 12:00  dev  
2015-06-04 12:00 13:00  ops  
2015-06-04 12:00 13:00  ops  
2015-06-04 14:00 16:00  dev  
2015-06-04 14:00 16:00  dev  
2015-06-04 16:00 17:00  dev  
2015-06-04 16:00 17:00  dev  
2015-06-04 17:30 18:30  dev  
2015-06-04 17:30 18:30  dev  
2015-06-09 16:00 18:00  dev  
2015-06-09 16:00 18:00  dev  
2015-06-10 10:15 12:15  dev  
2015-06-10 10:15 12:15  dev  
2015-06-10 13:00 15:00  dev  
2015-06-10 13:00 15:00  dev  
2015-06-10 15:30 16:50  ops    lug emacs kinesis  
2015-06-10 15:30 16:50  ops    lug emacs kinesis  
2015-06-10 17:00 18:00  dev  
2015-06-10 17:00 18:00  dev  
2015-06-11 10:00 12:00  dev  
2015-06-11 10:00 12:00  dev  
2015-06-11 12:30 14:30  dev  
2015-06-11 12:30 14:30  dev  
2015-06-12 21:30 22:30  misc   lug.org.au testing and new location email request  
2015-06-12 21:30 22:30  misc   lug.org.au testing and new location email request  
2015-06-15 09:30 12:30  ops    mutt procmail getmail  
2015-06-15 09:30 12:30  ops    mutt procmail getmail  
2015-06-15 13:00 15:00  dev  
2015-06-15 13:00 15:00  dev  
2015-06-15 15:00 17:00  dev  
2015-06-15 15:00 17:00  dev  
2015-06-15 17:00 18:00  ops    account migration  
2015-06-15 17:00 18:00  ops    account migration  
2015-06-16 10:30 12:30  dev  
2015-06-16 10:30 12:30  dev  
2015-06-16 13:00 14:00  dev    README github  
2015-06-16 13:00 14:00  dev    README github  
2015-06-16 14:00 15:00  dev  
2015-06-16 14:00 15:00  dev  
2015-06-16 15:30 18:00  dev  
2015-06-16 15:30 18:00  dev  
2015-06-17 10:45 12:45  ops  
2015-06-17 10:45 12:45  ops  
2015-06-17 13:00 16:00  dev  
2015-06-17 13:00 16:00  dev  
2015-06-17 16:00 17:00  dev  
2015-06-17 16:00 17:00  dev  
2015-06-17 17:00 18:00  ops  
2015-06-17 17:00 18:00  ops  
2015-06-18 11:00 11:20  misc   community work (LUG)
2015-06-18 11:00 11:20  misc   community work (LUG)
2015-06-18 11:20 13:00  dev  
2015-06-18 11:20 13:00  dev  
2015-06-18 13:30 14:30  dev  
2015-06-18 13:30 14:30  dev  
2015-06-26 18:10 20:50  dev  
2015-06-26 18:10 20:50  dev  
2015-06-28 14:00 16:00  dev  
2015-06-28 14:00 16:00  dev  
2015-06-28 18:30 21:30  dev  
2015-06-28 18:30 21:30  dev  
2015-06-29 08:30 10:30  dev  
2015-06-29 08:30 10:30  dev  
2015-06-29 11:00 14:00  dev  
2015-06-29 11:00 14:00  dev  
2015-06-29 14:00 16:30  dev  
2015-06-29 14:00 16:30  dev  
2015-06-29 17:30 20:00  dev  
2015-06-29 17:30 20:00  dev  
2015-06-30 08:30 10:30  dev  
2015-06-30 08:30 10:30  dev  
2015-06-30 11:00 14:15  dev  
2015-06-30 11:00 14:15  dev  
2015-06-30 15:00 18:00  dev  
2015-06-30 15:00 18:00  dev  
2015-06-30 18:00 19:50  dev  
2015-06-30 18:00 19:50  dev  
2015-07-01 08:30 10:30  dev  
2015-07-01 08:30 10:30  dev  
2015-07-03 06:30 10:30  dev  
2015-07-03 06:30 10:30  dev  
2015-07-03 11:00 13:00  dev  
2015-07-03 11:00 13:00  dev  
2015-07-04 07:00 09:00  dev  
2015-07-04 07:00 09:00  dev  
2015-07-04 10:00 12:00  dev  
2015-07-04 10:00 12:00  dev  
2015-07-26 20:00 22:00  dev  
2015-07-26 20:00 22:00  dev  
2015-07-27 08:20 11:20  dev  
2015-07-27 08:20 11:20  dev  
2015-07-27 11:30 14:30  dev  
2015-07-27 11:30 14:30  dev  
2015-07-27 16:30 18:30  dev  
2015-07-27 16:30 18:30  dev  
2015-07-27 18:30 19:00  dev  
2015-07-27 18:30 19:00  dev  
2015-07-27 19:00 20:00  misc   The Practical Programmer, Hunt and Thomas  
2015-07-27 19:00 20:00  misc   The Practical Programmer, Hunt and Thomas  
2015-07-27 20:00 20:30  dev  
2015-07-27 20:00 20:30  dev  
2015-07-28 08:00 11:00  dev  
2015-07-28 08:00 11:00  dev  
2015-07-28 12:00 14:50  dev  
2015-07-28 12:00 14:50  dev  
2015-07-28 15:00 17:00  dev  
2015-07-28 15:00 17:00  dev  
2015-07-28 17:15 17:30  dev  
2015-07-28 17:15 17:30  dev  
2015-07-29 08:00 10:30  dev  
2015-07-29 08:00 10:30  dev  
2015-07-29 10:30 11:00  ops  
2015-07-29 10:30 11:00  ops  
2015-07-29 12:00 15:30  dev  
2015-07-29 12:00 15:30  dev  
2015-08-02 14:30 15:30  dev  
2015-08-02 14:30 15:30  dev  
2015-08-02 16:00 18:00  dev  
2015-08-02 16:00 18:00  dev  
2015-08-02 18:00 21:00  dev  
2015-08-02 18:00 21:00  dev  
2015-08-03 08:00 11:00  dev  
2015-08-03 08:00 11:00  dev  
2015-08-03 11:00 13:45  dev  
2015-08-03 11:00 13:45  dev  
2015-08-03 13:45 15:15  dev    chapter 1  
2015-08-03 13:45 15:15  dev    chapter 1  
2015-08-03 17:15 20:45  dev  
2015-08-03 17:15 20:45  dev  
2015-08-04 08:00 10:00  dev  
2015-08-04 08:00 10:00  dev  
2015-08-04 10:30 13:00  dev    chapter 2  
2015-08-04 10:30 13:00  dev    chapter 2  
2015-08-04 13:30 15:30  dev  
2015-08-04 13:30 15:30  dev  
2015-08-04 15:30 16:30  dev  
2015-08-04 15:30 16:30  dev  
2015-08-04 17:00 19:00  dev  
2015-08-04 17:00 19:00  dev  
2015-08-04 19:30 21:00  dev  
2015-08-04 19:30 21:00  dev  
2015-08-05 08:00 10:00  dev  
2015-08-05 08:00 10:00  dev  
2015-08-05 10:00 12:30  dev  
2015-08-05 10:00 12:30  dev  
2015-08-05 12:30 13:40  dev  
2015-08-05 12:30 13:40  dev  
2015-08-05 13:40 14:00  misc   community work (LUG)
2015-08-05 13:40 14:00  misc   community work (LUG)
2015-08-06 20:00 22:30  dev  
2015-08-06 20:00 22:30  dev  
2015-08-07 20:30 22:30  dev  
2015-08-07 20:30 22:30  dev  
2015-08-08 20:30 22:30  dev  
2015-08-08 20:30 22:30  dev  
2015-08-09 15:00 15:32  ops  
2015-08-09 15:00 15:32  ops  
2015-08-09 15:30 18:00  dev  
2015-08-09 15:30 18:00  dev  
2015-08-09 18:30 19:45  dev    chapter 3  
2015-08-09 18:30 19:45  dev    chapter 3  
2015-08-09 19:45 21:30  dev  
2015-08-09 19:45 21:30  dev  
2015-08-10 08:30 09:00  ops     
2015-08-10 08:30 09:00  ops     
2015-08-10 09:00 11:00  dev    usp/newchapter.sh  
2015-08-10 09:00 11:00  dev    usp/newchapter.sh  
2015-08-10 11:00 12:00  dev    usp/newchapter.sh  
2015-08-10 11:00 12:00  dev    usp/newchapter.sh  
2015-08-10 12:00 13:15  dev    section 4.9  
2015-08-10 12:00 13:15  dev    section 4.9  
2015-08-10 13:15 15:00  dev     
2015-08-10 13:15 15:00  dev     
2015-08-10 16:30 17:00  dev    finished chapter 4  
2015-08-10 16:30 17:00  dev    finished chapter 4  
2015-08-10 17:00 19:10  dev    read chapter 4  
2015-08-10 17:00 19:10  dev    read chapter 4  
2015-08-10 19:10 21:10  dev    q's 1 to 6  
2015-08-10 19:10 21:10  dev    q's 1 to 6  
2015-08-11 07:30 08:30  dev     
2015-08-11 07:30 08:30  dev     
2015-08-11 08:30 09:00  ops     
2015-08-11 08:30 09:00  ops     
2015-08-11 09:00 11:30  dev     
2015-08-11 09:00 11:30  dev     
2015-08-11 12:00 13:10  dev    completed ch4  
2015-08-11 12:00 13:10  dev    completed ch4  
2015-08-11 13:10 15:20  dev    read ch5  
2015-08-11 13:10 15:20  dev    read ch5  
2015-08-11 15:20 16:00  dev    completed ch5  
2015-08-11 15:20 16:00  dev    completed ch5  
2015-08-11 16:15 17:00  dev    read ch5  
2015-08-11 16:15 17:00  dev    read ch5  
2015-08-11 18:00 19:00  dev     
2015-08-11 18:00 19:00  dev     
2015-08-12 08:00 11:45  dev    wrote an implementation of which(1)  
2015-08-12 08:00 11:45  dev    wrote an implementation of which(1)  
2015-08-12 12:00 14:00  dev     
2015-08-12 12:00 14:00  dev     
2015-08-12 19:40 21:40  dev     
2015-08-12 19:40 21:40  dev     
2015-08-16 08:00 09:25  dev    completed chapter 7  
2015-08-16 08:00 09:25  dev    completed chapter 7  
2015-08-16 09:30 14:45  dev    completed chapter 8  
2015-08-16 09:30 14:45  dev    completed chapter 8  
2015-08-16 15:10 18:05  dev    finished chapter 5  
2015-08-16 15:10 18:05  dev    finished chapter 5  
2015-08-16 16:30 18:00  dev    completed chapter 9  
2015-08-16 16:30 18:00  dev    completed chapter 9  
2015-08-16 18:00 19:20  dev     
2015-08-16 18:00 19:20  dev     
2015-08-16 18:10 21:15  dev    completed chapter 6 and started to read chapter 7  
2015-08-16 18:10 21:15  dev    completed chapter 6 and started to read chapter 7  
2015-08-16 19:20 20:30  dev    Rust Book  
2015-08-16 19:20 20:30  dev    Rust Book  
2015-08-18 08:30 11:00  dev     
2015-08-18 08:30 11:00  dev     
2015-08-18 11:25 11:50  dev    libraries  
2015-08-18 11:25 11:50  dev    libraries  
2015-08-18 11:50 12:30  ops    alsa pulseaudio  
2015-08-18 11:50 12:30  ops    alsa pulseaudio  
2015-08-18 12:30 15:00  dev    barrier server/client  
2015-08-18 12:30 15:00  dev    barrier server/client  
2015-08-18 15:40 18:00  dev    barrier server/client  
2015-08-18 15:40 18:00  dev    barrier server/client  
2015-08-18 18:00 19:00  dev    completed barrier server/client  
2015-08-18 18:00 19:00  dev    completed barrier server/client  
2015-08-18 19:00 19:40  dev     
2015-08-18 19:00 19:40  dev     
2015-08-19 08:00 10:00  dev     
2015-08-19 08:00 10:00  dev     
2015-08-19 10:00 12:00  dev     
2015-08-19 10:00 12:00  dev     
2015-08-19 12:00 14:00  dev     
2015-08-19 12:00 14:00  dev     
2015-08-19 17:00 20:00  dev     
2015-08-19 17:00 20:00  dev     
2015-08-19 20:00 21:00  ops    github refactor  
2015-08-19 20:00 21:00  ops    github refactor  
2015-08-23 15:00 15:45  ops     
2015-08-23 15:00 15:45  ops     
2015-08-23 15:45 18:00  dev    request client/server  
2015-08-23 15:45 18:00  dev    request client/server  
2015-08-23 18:20 19:00  dev    finished ch6  
2015-08-23 18:20 19:00  dev    finished ch6  
2015-08-23 19:00 21:20  dev    worked on ch7  
2015-08-23 19:00 21:20  dev    worked on ch7  
2015-08-24 07:30 08:40  ops    phpBB  
2015-08-24 07:30 08:40  ops    phpBB  
2015-08-24 08:40 11:00  dev     
2015-08-24 08:40 11:00  dev     
2015-08-24 11:00 13:00  dev    Completed 7.3, Ring Exploration  
2015-08-24 11:00 13:00  dev    Completed 7.3, Ring Exploration  
2015-08-24 13:00 14:40  dev    Completed 7.4, Simple Communication  
2015-08-24 13:00 14:40  dev    Completed 7.4, Simple Communication  
2015-08-24 14:40 15:00  dev     
2015-08-24 14:40 15:00  dev     
2015-08-24 15:00 16:00  dev    Completed 7.5, Mutual Exclusion with Tokens  
2015-08-24 15:00 16:00  dev    Completed 7.5, Mutual Exclusion with Tokens  
2015-08-24 16:00 18:00  read   Started The Art of Programming, Volume 1  
2015-08-24 16:00 18:00  read   Started The Art of Programming, Volume 1  
2015-08-25 08:00 08:30  dev     
2015-08-25 08:00 08:30  dev     
2015-08-25 08:30 09:42  dev     
2015-08-25 08:30 09:42  dev     
2015-08-25 09:42 11:25  dev    ch7/hostgen.c  
2015-08-25 09:42 11:25  dev    ch7/hostgen.c  
2015-08-25 11:25 12:00  dev    ch7/imp.c  
2015-08-25 11:25 12:00  dev    ch7/imp.c  
2015-08-25 13:00 16:00  dev     
2015-08-25 13:00 16:00  dev     
2015-08-25 16:00 17:20  dev    Finished Exercise 7.8  
2015-08-25 16:00 17:20  dev    Finished Exercise 7.8  
2015-08-25 17:40 21:00  read    
2015-08-25 17:40 21:00  read    
2015-08-26 08:00 12:00  dev     
2015-08-26 08:00 12:00  dev     
2015-08-26 13:00 15:00  dev    wrote abstract data type library data.[ch]  
2015-08-26 13:00 15:00  dev    wrote abstract data type library data.[ch]  
2015-08-26 15:00 16:45  dev    added vector library and tests
2015-08-26 15:00 16:45  dev    added vector library and tests
2015-08-26 16:45 17:30  dev     
2015-08-26 16:45 17:30  dev     
2015-08-26 17:30 19:30  read    
2015-08-26 17:30 19:30  read    
2015-08-30 15:00 16:15  dev     
2015-08-30 15:00 16:15  dev     
2015-08-30 16:15 17:00  dev     
2015-08-30 16:15 17:00  dev     
2015-08-30 17:00 19:00  dev     
2015-08-30 17:00 19:00  dev     
2015-08-30 19:00 20:00  misc   rust reading, time wasting.  
2015-08-30 19:00 20:00  misc   rust reading, time wasting.  
2015-08-30 20:00 21:00  read    
2015-08-30 20:00 21:00  read    
2015-08-31 07:45 09:45  dev     
2015-08-31 07:45 09:45  dev     
2015-08-31 09:45 11:15  dev    completed pipeline pre processor (7.9)  
2015-08-31 09:45 11:15  dev    completed pipeline pre processor (7.9)  
2015-08-31 11:15 12:45  read   finished reading apue ch10 and read usp ch8 (both on signals)  
2015-08-31 11:15 12:45  read   finished reading apue ch10 and read usp ch8 (both on signals)  
2015-08-31 12:45 13:45  dev     
2015-08-31 12:45 13:45  dev     
2015-08-31 14:45 17:00  dev     
2015-08-31 14:45 17:00  dev     
2015-08-31 17:00 17:00  dev    completed ch8  
2015-08-31 17:00 17:00  dev    completed ch8  
2015-08-31 17:20 18:00  dev    started reading ch9  
2015-08-31 17:20 18:00  dev    started reading ch9  
2015-08-31 18:00 19:00  dev     
2015-08-31 18:00 19:00  dev     
2015-08-31 19:00 21:00  read    
2015-08-31 19:00 21:00  read    
2015-09-01 07:00 10:00  dev  
2015-09-01 07:00 10:00  dev  
2015-09-01 10:45 13:45  dev  
2015-09-01 10:45 13:45  dev  
2015-09-01 14:30 16:00  dev    completed chapter 9  
2015-09-01 14:30 16:00  dev    completed chapter 9  
2015-09-01 16:00 16:30  dev  
2015-09-01 16:00 16:30  dev  
2015-09-01 16:45 18:45  dev  
2015-09-01 16:45 18:45  dev  
2015-09-01 19:00 21:00  dev  
2015-09-01 19:00 21:00  dev  
2015-09-02 07:15 10:30  dev    started chapter 10, timer projects  
2015-09-02 07:15 10:30  dev    started chapter 10, timer projects  
2015-09-02 11:30 13:30  dev  
2015-09-02 11:30 13:30  dev  
2015-09-06 14:45 16:25  dev  
2015-09-06 14:45 16:25  dev  
2015-09-06 16:25 16:45  misc   LUG email  
2015-09-06 16:25 16:45  misc    LUG email  
2015-09-06 16:45 21:00  dev  
2015-09-06 16:45 21:00  dev  
2015-09-07 06:45 10:52  dev    completed section 10.2  
2015-09-07 06:45 10:52  dev    completed section 10.2  
2015-09-07 10:52 12:30  dev    Completed chapter 10  
2015-09-07 10:52 12:30  dev    Completed chapter 10  
2015-09-07 12:30 13:30  dev    started chapter 11  
2015-09-07 12:30 13:30  dev    started chapter 11  
2015-09-07 15:00 16:30  dev  
2015-09-07 15:00 16:30  dev  
2015-09-07 16:30 18:00  read 
2015-09-07 16:30 18:00  read 
2015-09-07 18:00 20:30  dev  
2015-09-07 18:00 20:30  dev  
2015-09-08 07:00 10:00  dev  
2015-09-08 07:00 10:00  dev  
2015-09-08 10:40 13:40  dev  
2015-09-08 10:40 13:40  dev  
2015-09-08 14:25 17:45  dev    Completed chapter 11  
2015-09-08 14:25 17:45  dev    Completed chapter 11  
2015-09-08 18:00 20:30  read   chapter 11  
2015-09-08 18:00 20:30  read   chapter 11  
2015-09-09 07:15 10:15  dev  
2015-09-09 07:15 10:15  dev  
2015-09-09 10:30 13:30  dev  
2015-09-09 10:30 13:30  dev  
2015-09-13 15:00 16:25  read   ch12  
2015-09-13 15:00 16:25  read   ch12  
2015-09-13 16:25 18:00  dev  
2015-09-13 16:25 18:00  dev  
2015-09-13 18:25 19:00  dev  
2015-09-13 18:25 19:00  dev  
2015-09-13 19:00 19:30  ops  
2015-09-13 19:00 19:30  ops  
2015-09-13 19:30 20:30  dev    finished chapter 12  
2015-09-13 19:30 20:30  dev    finished chapter 12  
2015-09-13 20:30 23:00  read   started to read chapter 12  
2015-09-13 20:30 23:00  read   started to read chapter 12  
2015-09-14 08:20 09:30  read   finished reading chapter 12  
2015-09-14 08:20 09:30  read   finished reading chapter 12  
2015-09-14 09:30 11:30  dev  
2015-09-14 09:30 11:30  dev  
2015-09-14 12:00 15:00  dev  
2015-09-14 12:00 15:00  dev  
2015-09-14 15:15 16:00  dev    completed chapter 12  
2015-09-14 15:15 16:00  dev    completed chapter 12  
2015-09-14 16:00 16:45  read   read chapter 13 (exercises completed implicitly during apue ch11)  
2015-09-14 16:00 16:45  read   read chapter 13 (exercises completed implicitly during apue ch11)  
2015-09-14 16:45 18:15  read   read chapter 13  
2015-09-14 16:45 18:15  read   read chapter 13  
2015-09-14 18:15 19:30  dev    completed chapter 13  
2015-09-14 18:15 19:30  dev    completed chapter 13  
2015-09-14 19:30 21:00  read 
2015-09-14 19:30 21:00  read 
2015-09-15 07:00 10:00  read   read chapter 14, and various man pages  
2015-09-15 07:00 10:00  read   read chapter 14, and various man pages  
2015-09-15 10:40 12:45  dev    updated lib/ and include/apue.h, wrote signals section in $NOTES/C.md  
2015-09-15 10:40 12:45  dev    updated lib/ and include/apue.h, wrote signals section in $NOTES/C.md  
2015-09-15 12:45 13:50  dev  
2015-09-15 12:45 13:50  dev  
2015-09-15 14:35 16:05  dev    Completed chapter 14  
2015-09-15 14:35 16:05  dev    Completed chapter 14  
2015-09-15 16:05 17:30  read   started reading ch15  
2015-09-15 16:05 17:30  read   started reading ch15  
2015-09-15 17:30 18:25  dev    mixal coding exercises  
2015-09-15 17:30 18:25  dev    mixal coding exercises  
2015-09-15 18:25 20:30  read   finished chapter 1  
2015-09-15 18:25 20:30  read   finished chapter 1  
2015-09-16 06:40 09:15  read   finished reading reading chapter 15  
2015-09-16 06:40 09:15  read   finished reading reading chapter 15  
2015-09-16 09:35 12:30  dev    started chapter 15 exercises  
2015-09-16 09:35 12:30  dev    started chapter 15 exercises  
2015-09-16 12:45 14:00  dev    done upto 15.7 inclusive  
2015-09-16 12:45 14:00  dev    done upto 15.7 inclusive  
2015-09-16 19:40 20:50  read   section 2.1  
2015-09-16 19:40 20:50  read   section 2.1  
2015-09-20 14:45 17:45  dev    Completed apue chapter 15  
2015-09-20 14:45 17:45  dev    Completed apue chapter 15  
2015-09-20 18:00 18:20  read   read ch14  
2015-09-20 18:00 18:20  read   read ch14  
2015-09-20 18:20 20:15  dev    completed usp ch14  
2015-09-20 18:20 20:15  dev    completed usp ch14  
2015-09-20 20:15 20:40  read   read ch15  
2015-09-20 20:15 20:40  read   read ch15  
2015-09-21 06:45 10:00  dev     Completed usp chapter 15  
2015-09-21 06:45 10:00  dev     Completed usp chapter 15  
2015-09-21 10:00 11:00  read   read ch16  
2015-09-21 10:00 11:00  read   read ch16  
2015-09-21 11:00 13:00  dev  
2015-09-21 11:00 13:00  dev  
2015-09-21 13:30 15:10  dev    finised usp section 16.7  
2015-09-21 13:30 15:10  dev    finised usp section 16.7  
2015-09-21 15:10 16:15  read   started reading ch16  
2015-09-21 15:10 16:15  read   started reading ch16  
2015-09-21 17:30 20:20  dev    did chapters 1 to 4  
2015-09-21 17:30 20:20  dev    did chapters 1 to 4  
2015-09-22 07:20 09:00  read   finished reading chapter 16  
2015-09-22 07:20 09:00  read   finished reading chapter 16  
2015-09-22 09:00 10:25  dev    exercises 16.1 16.2 16.3  
2015-09-22 09:00 10:25  dev    exercises 16.1 16.2 16.3  
2015-09-22 11:55 12:05  dev    completed exercises chapter 16  
2015-09-22 11:55 12:05  dev    completed exercises chapter 16  
2015-09-22 12:05 13:30  read   read chapter 17  
2015-09-22 12:05 13:30  read   read chapter 17  
2015-09-22 13:30 16:30  dev    Completed chapter 17 exercises  
2015-09-22 13:30 16:30  dev    Completed chapter 17 exercises  
2015-09-22 16:30 17:20  read   read chapter 18  
2015-09-22 16:30 17:20  read   read chapter 18  
2015-09-22 17:20 17:45  dev    Completed chapter 18 exercises  
2015-09-22 17:20 17:45  dev    Completed chapter 18 exercises  
2015-09-22 17:45 19:40  read   2.2.1 and 2.2.2  
2015-09-22 17:45 19:40  read   2.2.1 and 2.2.2  
2015-09-22 20:20 21:20  dev    chapter 5 (read and exercises)  
2015-09-22 20:20 21:20  dev    chapter 5 (read and exercises)  
2015-09-23 06:45 08:25  read   read chapter 19  
2015-09-23 06:45 08:25  read   read chapter 19  
2015-09-23 08:25 10:00  dev    worked exercises ch19  
2015-09-23 08:25 10:00  dev    worked exercises ch19  
2015-09-23 10:30 11:55  dev    completed exercises chapter 19  
2015-09-23 10:30 11:55  dev    completed exercises chapter 19  
2015-09-23 11:55 12:15  read   read ch6  
2015-09-23 11:55 12:15  read   read ch6  
2015-09-23 12:15 12:45  dev    exercises ch6  
2015-09-23 12:15 12:45  dev    exercises ch6  
2015-09-23 12:45 13:00  read   read ch7  
2015-09-23 12:45 13:00  read   read ch7  
2015-09-23 13:00 13:20  dev    exercises ch7  
2015-09-23 13:00 13:20  dev    exercises ch7  
2015-09-23 20:45 21:20  read  read ch 8  
2015-09-23 20:45 21:20  read  read ch 8  
2015-09-23 21:20 21:40  dev    exercises ch8  
2015-09-23 21:20 21:40  dev    exercises ch8  
2015-10-01 07:30 10:00  read   chapter 20  
2015-10-01 07:30 10:00  read   chapter 20  
2015-10-01 10:45 12:45  dev    completed exercises chapter 20  
2015-10-01 10:45 12:45  dev    completed exercises chapter 20  
2015-10-01 13:15 14:15  read   started chapter 21  
2015-10-01 13:15 14:15  read   started chapter 21  
2015-10-01 14:15 15:00  ops    cyanogenmod install  
2015-10-01 14:15 15:00  ops    cyanogenmod install  
2015-10-01 15:00 15:25  read   finished reading chapter 21  
2015-10-01 15:00 15:25  read   finished reading chapter 21  
2015-10-01 15:25 16:45  ops    cyanogenmod setup  
2015-10-01 15:25 16:45  ops    cyanogenmod setup  
2015-10-01 19:30 20:20  dev    completed Learning Perl chapter 9  
2015-10-01 19:30 20:20  dev    completed Learning Perl chapter 9  
2015-10-02 08:45 11:45  dev    exercises 21.1 and 21.2  
2015-10-02 08:45 11:45  dev    exercises 21.1 and 21.2  
2015-10-02 12:00 13:00  dev  
2015-10-02 12:00 13:00  dev  
2015-10-02 13:20 16:50  dev    Exercises chapter 21, APUE text completed.  
2015-10-02 13:20 16:50  dev    Exercises chapter 21, APUE text completed.  
2015-10-02 17:30 17:56  read   read ch10  
2015-10-02 17:30 17:56  read   read ch10  
2015-10-02 17:56 18:30  dev    exercise ch10  
2015-10-02 17:56 18:30  dev    exercise ch10  
2015-10-03 08:00 11:10  dev    exercises ch11 and birthdays.pl  
2015-10-03 08:00 11:10  dev    exercises ch11 and birthdays.pl  
2015-10-03 11:30 11:44  read   ch12  
2015-10-03 11:30 11:44  read   ch12  
2015-10-03 11:44 12:34  dev    exercises ch12  
2015-10-03 11:44 12:34  dev    exercises ch12  
2015-10-03 12:34 12:58  read   ch13  
2015-10-03 12:34 12:58  read   ch13  
2015-10-03 12:58 13:44  dev    exercises ch13  
2015-10-03 12:58 13:44  dev    exercises ch13  
2015-10-03 14:00 14:15  read   ch14  
2015-10-03 14:00 14:15  read   ch14  
2015-10-03 14:00 14:34  dev    exercises ch14  
2015-10-03 14:00 14:34  dev    exercises ch14  
2015-10-03 15:00 15:15  read   ch15  
2015-10-03 15:00 15:15  read   ch15  
2015-10-03 15:15 16:00  dev    exercises ch15  
2015-10-03 15:15 16:00  dev    exercises ch15  
2015-10-03 16:00 16:38  read   ch16  
2015-10-03 16:00 16:38  read   ch16  
2015-10-03 16:38 17:05  dev    exercises ch16  
2015-10-03 16:38 17:05  dev    exercises ch16  
2015-10-03 17:05 17:40  read   ch17  
2015-10-03 17:05 17:40  read   ch17  
2015-10-03 17:44 18:50  dev    exercises ch17, 'Learning Pearl' completed  
2015-10-03 17:44 18:50  dev    exercises ch17, 'Learning Pearl' completed  
2015-10-05 07:15 08:30  read   ch1  
2015-10-05 07:15 08:30  read   ch1  
2015-10-05 08:30 10:30  ops    fell down a bash/perl hole  
2015-10-05 08:30 10:30  ops    fell down a bash/perl hole  
2015-10-05 10:30 11:30  ops    setup initial tree, wrote newchapter.pl  
2015-10-05 10:30 11:30  ops    setup initial tree, wrote newchapter.pl  
2015-10-05 11:30 12:30  dev    
2015-10-05 11:30 12:30  dev    
2015-10-05 12:30 14:15  dev    compeleted ch1  
2015-10-05 12:30 14:15  dev    compeleted ch1  
2015-10-05 15:30 16:30  read   ch2  
2015-10-05 15:30 16:30  read   ch2  
2015-10-05 16:30 17:00  dev    compeleted ch2  
2015-10-05 16:30 17:00  dev    compeleted ch2  
2015-10-05 17:00 17:52  read   ch3  
2015-10-05 17:00 17:52  read   ch3  
2015-10-05 17:52 19:35  dev    completed ch3  
2015-10-05 17:52 19:35  dev    completed ch3  
2015-10-05 19:35 19:55  misc   emailed lug members and Sonia (Nexus Hub)  
2015-10-05 19:35 19:55  misc   emailed lug members and Sonia (Nexus Hub)  
2015-10-05 19:55 20:30  read   ch 2.2.2 partial read  
2015-10-05 19:55 20:30  read   ch 2.2.2 partial read  
2015-10-06 05:50 06:55  read   ch4  
2015-10-06 05:50 06:55  read   ch4  
2015-10-06 06:55 08:30  dev  
2015-10-06 06:55 08:30  dev  
2015-10-06 09:00 09:30  dev    completed exercises chapter 4  
2015-10-06 09:00 09:30  dev    completed exercises chapter 4  
2015-10-06 09:30 10:55  read   ch 5  
2015-10-06 09:30 10:55  read   ch 5  
2015-10-06 10:55 11:40  dev    completed exercises chapter 5  
2015-10-06 10:55 11:40  dev    completed exercises chapter 5  
2015-10-06 12:00 12:40  read   started reading ch6  
2015-10-06 12:00 12:40  read   started reading ch6  
2015-10-06 13:40 14:08  read   finished ch6  
2015-10-06 13:40 14:08  read   finished ch6  
2015-10-06 14:08 16:44  dev    completed exercises chapter 6  
2015-10-06 14:08 16:44  dev    completed exercises chapter 6  
2015-10-06 16:44 18:08  dev    tried to write log parser, failed  
2015-10-06 16:44 18:08  dev    tried to write log parser, failed  
2015-10-06 19:00 21:00  dev    worked on work_log.pl, new script to manage logging  
2015-10-06 19:00 21:00  dev    worked on work_log.pl, new script to manage logging  
2015-10-07 07:30 07:45  misc   LUG email
2015-10-07 07:30 07:45  misc   LUG email
2015-10-07 07:45 08:17  read   ch 7  
2015-10-07 07:45 08:17  read   ch 7  
2015-10-07 08:21 09:23  dev    started exercises ch 7  
2015-10-07 08:21 09:23  dev    started exercises ch 7  
2015-10-07 09:58 11:28  dev    completed exercises ch 7  
2015-10-07 09:58 11:28  dev    completed exercises ch 7  
2015-10-07 11:58 12:40  read   read ch 8  
2015-10-07 11:58 12:40  read   read ch 8  
2015-10-07 12:40 13:57  dev    completed exercises ch 8  
2015-10-07 12:40 13:57  dev    completed exercises ch 8  
2015-10-11 14:58 15:33  read   read ch 9  
2015-10-11 14:58 15:33  read   read ch 9  
2015-10-11 15:33 15:53  dev    completed exercises ch 9  
2015-10-11 15:33 15:53  dev    completed exercises ch 9  
2015-10-11 15:53 16:10  read   ch 10  
2015-10-11 15:53 16:10  read   ch 10  
2015-10-11 16:11 17:34  dev    completed exercises chapter 10  
2015-10-11 16:11 17:34  dev    completed exercises chapter 10  
2015-10-11 17:57 20:35  read    
2015-10-11 17:57 20:35  read    
2015-10-12 06:37 07:57  read   ch11  
2015-10-12 06:37 07:57  read   ch11  
2015-10-12 08:05 11:02  dev    completed exercises ch 11  
2015-10-12 08:05 11:02  dev    completed exercises ch 11  
2015-10-12 11:20 11:43  read   ch12  
2015-10-12 11:20 11:43  read   ch12  
2015-10-12 11:43 12:04  dev    completed exercises ch 12  
2015-10-12 11:43 12:04  dev    completed exercises ch 12  
2015-10-12 12:04 12:26  read   ch 13  
2015-10-12 12:04 12:26  read   ch 13  
2015-10-12 12:26 12:41  dev    completed exercises ch 13  
2015-10-12 12:26 12:41  dev    completed exercises ch 13  
2015-10-12 14:11 15:06  read    
2015-10-12 14:11 15:06  read    
2015-10-12 15:12 15:51  read   ch14  
2015-10-12 15:12 15:51  read   ch14  
2015-10-12 15:51 16:41  dev    completed exercises ch 14  
2015-10-12 15:51 16:41  dev    completed exercises ch 14  
2015-10-12 16:41 17:25  read   ch 1 and 2  
2015-10-12 16:41 17:25  read   ch 1 and 2  
2015-10-12 17:25 18:54  dev    completed exercisese ch 1 and 2  
2015-10-12 17:25 18:54  dev    completed exercisese ch 1 and 2  
2015-10-12 19:10 19:33  read   ch 3  
2015-10-12 19:10 19:33  read   ch 3  
2015-10-12 19:33 20:10  dev    exercises ch3  
2015-10-12 19:33 20:10  dev    exercises ch3  
2015-10-13 06:56 07:47  read   ch 15  
2015-10-13 06:56 07:47  read   ch 15  
2015-10-13 07:52 09:01  dev    started exercises chapter 15  
2015-10-13 07:52 09:01  dev    started exercises chapter 15  
2015-10-13 09:12 12:54  dev    completed exercises ch 15  
2015-10-13 09:12 12:54  dev    completed exercises ch 15  
2015-10-13 12:54 13:24  read 
2015-10-13 12:54 13:24  read 
2015-10-13 13:45 15:03  read   ch 16  
2015-10-13 13:45 15:03  read   ch 16  
2015-10-13 15:30 15:58  dev    completed exercises chapter 16  
2015-10-13 15:30 15:58  dev    completed exercises chapter 16  
2015-10-13 15:58 16:28  read   ch 17  
2015-10-13 15:58 16:28  read   ch 17  
2015-10-13 16:28 17:56  dev    completed exercises ch 17  
2015-10-13 16:28 17:56  dev    completed exercises ch 17  
2015-10-13 18:25 19:54  read   Finished reading Volume 1  
2015-10-13 18:25 19:54  read   Finished reading Volume 1  
2015-10-14 07:52 09:31  read   ch 18  
2015-10-14 07:52 09:31  read   ch 18  
2015-10-14 09:31 10:08  dev    exercises ch 18  
2015-10-14 09:31 10:08  dev    exercises ch 18  
2015-10-14 10:08 11:06  read   ch 19  
2015-10-14 10:08 11:06  read   ch 19  
2015-10-14 11:06 11:12  dev    exercises ch 19  
2015-10-14 11:06 11:12  dev    exercises ch 19  
2015-10-14 11:18 12:02  read   started volume 2  
2015-10-14 11:18 12:02  read   started volume 2  
2015-10-14 12:18 12:59  read   ch 4  
2015-10-14 12:18 12:59  read   ch 4  
2015-10-14 12:59 13:55  dev    exercises ch 4  
2015-10-14 12:59 13:55  dev    exercises ch 4  
2015-10-18 12:24 13:01  read   ch 20  
2015-10-18 12:24 13:01  read   ch 20  
2015-10-18 13:07 13:32  dev    completed exercises ch20  
2015-10-18 13:07 13:32  dev    completed exercises ch20  
2015-10-18 13:32 14:09  read   ch 21  
2015-10-18 13:32 14:09  read   ch 21  
2015-10-18 14:09 14:30  dev    started exercises ch 20  
2015-10-18 14:09 14:30  dev    started exercises ch 20  
2015-10-18 14:59 15:07  dev    completed exercises ch 21  
2015-10-18 14:59 15:07  dev    completed exercises ch 21  
2015-10-18 15:07 16:10  read    
2015-10-18 15:07 16:10  read    
2015-10-18 18:53 19:42  read   completed reading chapter 3  
2015-10-18 18:53 19:42  read   completed reading chapter 3  
2015-10-18 19:42 20:08  read   ch 5  
2015-10-18 19:42 20:08  read   ch 5  
2015-10-18 20:08 20:59  dev    started exercises ch 5  
2015-10-18 20:08 20:59  dev    started exercises ch 5  
2015-10-18 21:19 21:42  dev    completed exercises ch 5  
2015-10-18 21:19 21:42  dev    completed exercises ch 5  
2015-10-19 08:36 09:41  read   ch 22  
2015-10-19 08:36 09:41  read   ch 22  
2015-10-19 09:41 11:05  dev    exercises 22, missed last 2 questions  
2015-10-19 09:41 11:05  dev    exercises 22, missed last 2 questions  
2015-10-19 11:04 11:36  read   read chapters 24 and 25  
2015-10-19 11:04 11:36  read   read chapters 24 and 25  
2015-10-19 11:36 11:40  dev    partial complete exercises ch24 and 25  
2015-10-19 11:36 11:40  dev    partial complete exercises ch24 and 25  
2015-10-19 11:40 11:57  read   ch 25  
2015-10-19 11:40 11:57  read   ch 25  
2015-10-19 11:57 12:25  read   ch 6  
2015-10-19 11:57 12:25  read   ch 6  
2015-10-19 12:25 13:01  dev    exercises ch 6  
2015-10-19 12:25 13:01  dev    exercises ch 6  
2015-10-19 13:01 16:10  dev    work log report  
2015-10-19 13:01 16:10  dev    work log report  
2015-10-19 16:14 16:57  dev    work log report  
2015-10-19 16:14 16:57  dev    work log report  
2015-10-19 16:57 17:25  ops    github and work log  
2015-10-19 16:57 17:25  ops    github and work log  
2015-10-19 17:30 18:06  read   ch 7  
2015-10-19 17:30 18:06  read   ch 7  
2015-10-19 18:06 18:46  dev    ch 7  
2015-10-19 18:06 18:46  dev    ch 7  
2015-10-19 18:46 19:07  read   ch 8  
2015-10-19 18:46 19:07  read   ch 8  
2015-10-19 19:07 19:41  dev    ch 8  
2015-10-19 19:07 19:41  dev    ch 8  
2015-10-19 19:41 20:20  dev    added 'd' option to log report  
2015-10-19 19:41 20:20  dev    added 'd' option to log report  
2015-10-20 06:59 08:36  read   ch 26  
2015-10-20 06:59 08:36  read   ch 26  
2015-10-20 08:36 10:01  dev    worked on exercises ch 26  
2015-10-20 08:36 10:01  dev    worked on exercises ch 26  
2015-10-20 10:38 11:51  dev    completed chapter 26  
2015-10-20 10:38 11:51  dev    completed chapter 26  
2015-10-20 11:51 12:02  read   ch 27  
2015-10-20 11:51 12:02  read   ch 27  
2015-10-20 12:02 12:14  dev    completed chapter 27  
2015-10-20 12:02 12:14  dev    completed chapter 27  
2015-10-20 12:16 13:31  read   ch 28  
2015-10-20 12:16 13:31  read   ch 28  
2015-10-20 13:31 13:46  dev    ch 28  
2015-10-20 13:31 13:46  dev    ch 28  
2015-10-20 14:28 15:22  read   ch 29  
2015-10-20 14:28 15:22  read   ch 29  
2015-10-20 15:22 15:27  dev    ch 29  
2015-10-20 15:22 15:27  dev    ch 29  
2015-10-20 15:31 15:56  read   ch 9  
2015-10-20 15:31 15:56  read   ch 9  
2015-10-20 15:56 17:00  dev    ch 9  
2015-10-20 15:56 17:00  dev    ch 9  
2015-10-20 17:00 17:51  read   ch 10  
2015-10-20 17:00 17:51  read   ch 10  
2015-10-20 17:51 18:03  dev    started exercises ch 10  
2015-10-20 17:51 18:03  dev    started exercises ch 10  
2015-10-20 18:20 20:09  dev    ch 10  
2015-10-20 18:20 20:09  dev    ch 10  
2015-10-20 20:10 20:53  read    
2015-10-20 20:10 20:53  read    
2015-10-21 06:54 07:51  read   ch 30  
2015-10-21 06:54 07:51  read   ch 30  
2015-10-21 07:51 08:11  dev    ch 30  
2015-10-21 07:51 08:11  dev    ch 30  
2015-10-21 08:11 09:33  dev    updated personal website and resume  
2015-10-21 08:11 09:33  dev    updated personal website and resume  
2015-10-21 09:33 10:09  read   skimmed section 4  
2015-10-21 09:33 10:09  read   skimmed section 4  
2015-10-21 10:09 10:58  ops    set up for cryptography study block  
2015-10-21 10:09 10:58  ops    set up for cryptography study block  
2015-10-21 11:55 12:50  dev    chal 1 and 2, base_conversion.pl re write  
2015-10-21 11:55 12:50  dev    chal 1 and 2, base_conversion.pl re write  
2015-10-21 12:51 14:02  dev     
2015-10-21 12:51 14:02  dev     
2015-10-21 20:13 22:00  read   ch 1  
2015-10-21 20:13 22:00  read   ch 1  
2015-10-25 14:44 15:51  read   ch 2  
2015-10-25 14:44 15:51  read   ch 2  
2015-10-25 15:58 17:00  read   ch 3  
2015-10-25 15:58 17:00  read   ch 3  
2015-10-25 17:12 20:48  dev     
2015-10-25 17:12 20:48  dev     
2015-10-26 08:30 10:05  dev     
2015-10-26 08:30 10:05  dev     
2015-10-26 11:13 12:09  read   ch 4  
2015-10-26 11:13 12:09  read   ch 4  
2015-10-26 12:14 12:51  read   ch 5  
2015-10-26 12:14 12:51  read   ch 5  
2015-10-26 12:51 17:21  dev     
2015-10-26 12:51 17:21  dev     
2015-10-26 17:21 17:36  read   ch 11  
2015-10-26 17:21 17:36  read   ch 11  
2015-10-26 17:36 17:54  dev    ch 11  
2015-10-26 17:36 17:54  dev    ch 11  
2015-10-26 17:55 18:18  read   ch 12  
2015-10-26 17:55 18:18  read   ch 12  
2015-10-26 18:19 18:36  dev    ch 12  
2015-10-26 18:19 18:36  dev    ch 12  
2015-10-26 18:36 20:30  dev     
2015-10-26 18:36 20:30  dev     
2015-10-27 07:17 10:34  dev     
2015-10-27 07:17 10:34  dev     
2015-10-27 11:12 13:18  dev     
2015-10-27 11:12 13:18  dev     
2015-10-27 13:18 14:00  read   ch 6  
2015-10-27 13:18 14:00  read   ch 6  
2015-10-27 15:18 15:57  read   ch 7  
2015-10-27 15:18 15:57  read   ch 7  
2015-10-27 15:57 18:03  dev     
2015-10-27 15:57 18:03  dev     
2015-10-27 18:17 18:46  read    
2015-10-27 18:17 18:46  read    
2015-10-27 18:46 20:03  dev     
2015-10-27 18:46 20:03  dev     
2015-10-27 20:03 20:24  read   ch 13  
2015-10-27 20:03 20:24  read   ch 13  
2015-10-27 20:24 20:24  read   ch 13  
2015-10-27 20:24 20:24  read   ch 13  
2015-10-27 20:24 20:53  dev  
2015-10-27 20:24 20:53  dev  
2015-10-28 07:30 09:38  dev     
2015-10-28 07:30 09:38  dev     
2015-10-28 09:38 10:39  read   ch 8  
2015-10-28 09:38 10:39  read   ch 8  
2015-10-28 10:39 11:34  read   ch 9  
2015-10-28 10:39 11:34  read   ch 9  
2015-10-28 11:34 13:17  ops    backups  
2015-10-28 11:34 13:17  ops    backups  
2015-10-28 13:17 14:00  dev     
2015-10-28 13:17 14:00  dev     
2015-11-01 14:53 15:42  read   ch 10  
2015-11-01 14:53 15:42  read   ch 10  
2015-11-01 14:53 15:42  read   ch 10  
2015-11-01 14:53 15:42  read   ch 10  
2015-11-01 15:45 16:37  read   ch 11  
2015-11-01 15:45 16:37  read   ch 11  
2015-11-01 15:45 16:37  read   ch 11  
2015-11-01 15:45 16:37  read   ch 11  
2015-11-01 16:40 20:20  dev  
2015-11-01 16:40 20:20  dev  
2015-11-01 20:20 20:47  read   ch 14  
2015-11-01 20:20 20:47  read   ch 14  
2015-11-02 08:02 09:05  read   ch 12  
2015-11-02 08:02 09:05  read   ch 12  
2015-11-02 09:05 10:10  dev     
2015-11-02 09:05 10:10  dev     
2015-11-02 11:25 12:39  dev  
2015-11-02 11:25 12:39  dev  
2015-11-02 12:40 14:46  dev     
2015-11-02 12:40 14:46  dev     
2015-11-02 14:48 16:29  dev    worked on exercises in ch 13/14 (incomplete)  
2015-11-02 14:48 16:29  dev    worked on exercises in ch 13/14 (incomplete)  
2015-11-02 16:31 17:02  read    
2015-11-02 16:31 17:02  read    
2015-11-02 19:09 21:14  dev     
2015-11-02 19:09 21:14  dev     
2015-11-02 21:19 23:01  dev     
2015-11-02 21:19 23:01  dev     
2015-11-03 07:01 08:07  dev     
2015-11-03 07:01 08:07  dev     
2015-11-03 08:48 09:15  read   ch 14  
2015-11-03 08:48 09:15  read   ch 14  
2015-11-03 09:15 09:30  read   ch 15  
2015-11-03 09:15 09:30  read   ch 15  
2015-11-03 09:30 10:00  dev     
2015-11-03 09:30 10:00  dev     
2015-11-03 10:00 10:26  misc   LUG email
2015-11-03 10:00 10:26  misc   LUG email
2015-11-03 10:26 12:06  dev     
2015-11-03 10:26 12:06  dev     
2015-11-03 12:39 17:56  dev     
2015-11-03 12:39 17:56  dev     
2015-11-03 18:08 21:15  dev     
2015-11-03 18:08 21:15  dev     
2015-11-04 07:09 08:03  dev     
2015-11-04 07:09 08:03  dev     
2015-11-04 08:09 08:44  read   ch 16  
2015-11-04 08:09 08:44  read   ch 16  
2015-11-04 08:44 09:16  read   ch 17  
2015-11-04 08:44 09:16  read   ch 17  
2015-11-04 09:16 11:06  read    
2015-11-04 09:16 11:06  read    
2015-11-04 11:17 13:58  dev     
2015-11-04 11:17 13:58  dev     
2015-11-08 15:04 17:17  dev     
2015-11-08 15:04 17:17  dev     
2015-11-08 17:23 17:48  read   ch 18  
2015-11-08 17:23 17:48  read   ch 18  
2015-11-08 17:54 18:23  read   ch 19  
2015-11-08 17:54 18:23  read   ch 19  
2015-11-08 18:24 21:33  dev     
2015-11-08 18:24 21:33  dev     
2015-11-09 07:30 09:48  dev     
2015-11-09 07:30 09:48  dev     
2015-11-09 11:23 11:48  dev     
2015-11-09 11:23 11:48  dev     
2015-11-09 11:48 12:12  read   ch 20  
2015-11-09 11:48 12:12  read   ch 20  
2015-11-09 12:12 12:20  read   ch 21  
2015-11-09 12:12 12:20  read   ch 21  
2015-11-09 12:31 12:38  read   ch 22  
2015-11-09 12:31 12:38  read   ch 22  
2015-11-09 12:38 12:50  misc   LUG email
2015-11-09 12:38 12:50  misc   LUG email
2015-11-09 13:14 14:02  read    
2015-11-09 13:14 14:02  read    
2015-11-09 14:02 16:31  dev     
2015-11-09 14:02 16:31  dev     
2015-11-09 16:40 18:13  dev     
2015-11-09 16:40 18:13  dev     
2015-11-09 18:13 19:39  read   started Volume 3  
2015-11-09 18:13 19:39  read   started Volume 3  
2015-11-09 19:45 20:34  read    
2015-11-09 19:45 20:34  read    
2015-11-10 07:00 07:38  read   ch 23  
2015-11-10 07:00 07:38  read   ch 23  
2015-11-10 08:21 09:46  read   ch 24  
2015-11-10 08:21 09:46  read   ch 24  
2015-11-10 09:46 10:15  read   ch 25  
2015-11-10 09:46 10:15  read   ch 25  
2015-11-10 10:17 11:34  dev     
2015-11-10 10:17 11:34  dev     
2015-11-10 12:07 13:27  dev     
2015-11-10 12:07 13:27  dev     
2015-11-10 13:27 15:30  dev     
2015-11-10 13:27 15:30  dev     
2015-11-10 15:30 16:01  dev     
2015-11-10 15:30 16:01  dev     
2015-11-10 16:30 17:59  dev     
2015-11-10 16:30 17:59  dev     
2015-11-10 18:20 21:29  dev     
2015-11-10 18:20 21:29  dev     
2015-11-11 06:51 10:04  dev     
2015-11-11 06:51 10:04  dev     
2015-11-11 10:44 11:33  dev     
2015-11-11 10:44 11:33  dev     
2015-11-11 11:33 12:24  read    
2015-11-11 11:33 12:24  read    
2015-11-11 12:24 14:00  dev     
2015-11-11 12:24 14:00  dev     
2015-11-15 15:22 18:31  dev     
2015-11-15 15:22 18:31  dev     
2015-11-15 18:31 19:34  dev     
2015-11-15 18:31 19:34  dev     
2015-11-15 19:34 20:54  misc    
2015-11-15 19:34 20:54  misc    
2015-11-16 06:01 07:00  dev     
2015-11-16 06:01 07:00  dev     
2015-11-16 07:36 09:25  dev     
2015-11-16 07:36 09:25  dev     
2015-11-16 09:38 10:16  dev     
2015-11-16 09:38 10:16  dev     
2015-11-16 10:16 10:52  misc 
2015-11-16 10:16 10:52  misc 
2015-11-16 10:52 12:21  dev     
2015-11-16 10:52 12:21  dev     
2015-11-16 12:21 12:39  dev     
2015-11-16 12:21 12:39  dev     
2015-11-16 12:45 15:02  dev     
2015-11-16 12:45 15:02  dev     
2015-11-16 15:28 18:35  dev     
2015-11-16 15:28 18:35  dev     
2015-11-16 18:35 19:12  dev     
2015-11-16 18:35 19:12  dev     
2015-11-16 19:12 19:31  read    
2015-11-16 19:12 19:31  read    
2015-11-17 06:50 10:01  dev     
2015-11-17 06:50 10:01  dev     
2015-11-17 10:23 12:30  dev  
2015-11-17 10:23 12:30  dev  
2015-11-17 12:30 13:28  dev     
2015-11-17 12:30 13:28  dev     
2015-11-17 13:28 15:06  dev     
2015-11-17 13:28 15:06  dev     
2015-11-17 15:10 15:37  dev     
2015-11-17 15:10 15:37  dev     
2015-11-17 15:38 17:11  read    
2015-11-17 15:38 17:11  read    
2015-11-17 17:12 18:21  dev    exercises chapter 18  
2015-11-17 17:12 18:21  dev    exercises chapter 18  
2015-11-17 18:38 19:16  read    
2015-11-17 18:38 19:16  read    
2015-11-18 06:40 07:42  dev    ex [1 to 11]  
2015-11-18 06:40 07:42  dev    ex [1 to 11]  
2015-11-18 08:32 09:59  dev    ex [1 to 16] re did from beginning  
2015-11-18 08:32 09:59  dev    ex [1 to 16] re did from beginning  
2015-11-18 10:05 10:16  dev    ex 17  
2015-11-18 10:05 10:16  dev    ex 17  
2015-11-18 10:21 11:33  dev    ex [18 to 30]  
2015-11-18 10:21 11:33  dev    ex [18 to 30]  
2015-11-18 11:40 12:55  dev    ex [31 to 40]  
2015-11-18 11:40 12:55  dev    ex [31 to 40]  
2015-11-18 12:55 13:40  read 
2015-11-18 12:55 13:40  read 
2015-11-22 14:00 18:19  dev    [41 to 48]  
2015-11-22 14:00 18:19  dev    [41 to 48]  
2015-11-22 18:38 19:55  dev    49  
2015-11-22 18:38 19:55  dev    49  
2015-11-22 20:01 21:33  math   started ch1  
2015-11-22 20:01 21:33  math   started ch1  
2015-11-23 06:57 7:19  misc   concluded Python the Hard Way  
2015-11-23 06:57 7:19  misc   concluded Python the Hard Way  
2015-11-23 07:20 07:50  dev    restarted challenges in Python  
2015-11-23 07:20 07:50  dev    restarted challenges in Python  
2015-11-23 07:50 08:33  read   ch 3  
2015-11-23 07:50 08:33  read   ch 3  
2015-11-23 08:34 10:07  dev     
2015-11-23 08:34 10:07  dev     
2015-11-23 11:14 12:05  dev     
2015-11-23 11:14 12:05  dev     
2015-11-23 12:05 12:25  read    
2015-11-23 12:05 12:25  read    
2015-11-23 12:25 15:39  dev     
2015-11-23 12:25 15:39  dev     
2015-11-23 15:39 19:14  dev     
2015-11-23 15:39 19:14  dev     
2015-11-23 19:14 19:38  read    
2015-11-23 19:14 19:38  read    
2015-11-23 19:39 20:30  math    
2015-11-23 19:39 20:30  math    
2015-11-24 10:18 10:53  ops    wrote file archive script  
2015-11-24 10:18 10:53  ops    wrote file archive script  
2015-11-24 10:54 11:44  dev     
2015-11-24 10:54 11:44  dev     
2015-11-24 14:04 18:06  dev     
2015-11-24 14:04 18:06  dev     
2015-11-24 18:26 19:55  dev     
2015-11-24 18:26 19:55  dev     
2015-11-24 19:55 21:16  dev    also some reading or Python reference (per)  
2015-11-24 19:55 21:16  dev    also some reading or Python reference (per)  
2015-11-25 06:26 09:28  dev     
2015-11-25 06:26 09:28  dev     
2015-11-25 09:48 12:00  dev     
2015-11-25 09:48 12:00  dev     
2015-11-25 12:00 12:39  read    
2015-11-25 12:00 12:39  read    
2015-11-25 12:39 19:36  math    
2015-11-25 12:39 19:36  math    
2015-11-29 18:50 19:36  math    
2015-11-29 18:50 19:36  math    
2015-11-29 19:37 19:52  read    
2015-11-29 19:37 19:52  read    
2015-11-29 19:52 21:17  dev     
2015-11-29 19:52 21:17  dev     
2015-11-30 06:57 10:10  dev     
2015-11-30 06:57 10:10  dev     
2015-11-30 11:00 13:07  dev     
2015-11-30 11:00 13:07  dev     
2015-11-30 13:11 17:12  dev     
2015-11-30 13:11 17:12  dev     
2015-11-30 17:17 19:04  dev     
2015-11-30 17:17 19:04  dev     
2015-11-30 19:04 19:53  read    
2015-11-30 19:04 19:53  read    
2015-12-01 07:00 09:30  dev    restarted challenges (python version 0.2)  
2015-12-01 07:00 09:30  dev    restarted challenges (python version 0.2)  
2015-12-01 09:55 13:14  dev     
2015-12-01 09:55 13:14  dev     
2015-12-01 13:57 16:01  dev     
2015-12-01 13:57 16:01  dev     
2015-12-01 16:43 18:20  dev     
2015-12-01 16:43 18:20  dev     
2015-12-01 18:30 19:16  math    
2015-12-01 18:30 19:16  math    
2015-12-01 19:16 21:13  read    
2015-12-01 19:16 21:13  read    
2015-12-02 06:33 10:34  dev     
2015-12-02 06:33 10:34  dev     
2015-12-03 07:52 08:56  dev     
2015-12-03 07:52 08:56  dev     
2015-12-03 09:03 09:30  dev     
2015-12-03 09:03 09:30  dev     
2015-12-03 11:03 14:31  dev     
2015-12-03 11:03 14:31  dev     
2015-12-03 14:51 16:34  read    
2015-12-03 14:51 16:34  read    
2015-12-03 16:34 17:41  dev     
2015-12-03 16:34 17:41  dev     
2015-12-07 05:16 06:22  read    
2015-12-07 05:16 06:22  read    
2015-12-07 08:53 09:11  dev     
2015-12-07 08:53 09:11  dev     
2015-12-07 10:30 11:30  ops    SMIME support in mutt  
2015-12-07 10:30 11:30  ops    SMIME support in mutt  
2015-12-07 11:37 13:07  misc   setup  
2015-12-07 11:37 13:07  misc   setup  
2015-12-07 13:08 18:43  dev     
2015-12-07 13:08 18:43  dev     
2015-12-07 18:43 20:45  dev     
2015-12-07 18:43 20:45  dev     
2015-12-07 20:47 21:18  read    
2015-12-07 20:47 21:18  read    
2015-12-08 06:53 07:53  read    
2015-12-08 06:53 07:53  read    
2015-12-08 07:23 09:01  dev    edc challenge 1 submitted  
2015-12-08 07:23 09:01  dev    edc challenge 1 submitted  
2015-12-08 11:40 11:53  dev     
2015-12-08 11:40 11:53  dev     
2015-12-08 12:53 14:49  read    
2015-12-08 12:53 14:49  read    
2015-12-08 14:49 16:30  ops    virtual partial set up, host config  
2015-12-08 14:49 16:30  ops    virtual partial set up, host config  
2015-12-08 16:30 17:45  read    
2015-12-08 16:30 17:45  read    
2015-12-08 17:45 20:11  misc    
2015-12-08 17:45 20:11  misc    
2015-12-08 20:11 21:55  read    
2015-12-08 20:11 21:55  read    
2015-12-09 06:59 08:20  read    
2015-12-09 06:59 08:20  read    
2015-12-09 08:21 11:02  dev     
2015-12-09 08:21 11:02  dev     
2015-12-09 11:40 12:51  misc   LUG email and wiki
2015-12-09 11:40 12:51  misc   LUG email and wiki
2015-12-09 12:51 14:50  read    
2015-12-09 12:51 14:50  read    
2015-12-09 15:02 16:56  dev     
2015-12-09 15:02 16:56  dev     
2015-12-09 16:56 18:01  misc   and kernel  
2015-12-09 16:56 18:01  misc   and kernel  
2015-12-09 18:18 19:47  read    
2015-12-09 18:18 19:47  read    
2015-12-09 19:47 20:27  dev     
2015-12-09 19:47 20:27  dev     
2015-12-10 07:02 07:33  misc   started document how to become a kernel hacker  
2015-12-10 07:02 07:33  misc   started document how to become a kernel hacker  
2015-12-10 07:33 08:56  dev    cleaned up self_learning tree  
2015-12-10 07:33 08:56  dev    cleaned up self_learning tree  
2015-12-10 08:56 09:30  ops    domain registrar, email  
2015-12-10 08:56 09:30  ops    domain registrar, email  
2015-12-10 09:30 11:51  dev     
2015-12-10 09:30 11:51  dev     
2015-12-10 12:38 17:31  dev     
2015-12-10 12:38 17:31  dev     
2015-12-14 13:46 14:13  read    
2015-12-14 13:46 14:13  read    
2015-12-14 16:35 17:04  misc   community work (LUG)
2015-12-14 16:35 17:04  misc   community work (LUG)
2015-12-14 17:04 17:35  ops     
2015-12-14 17:04 17:35  ops     
2015-12-14 17:35 21:46  dev    GAS, gnu info, blp chapters 4, 5, 6  
2015-12-14 17:35 21:46  dev    GAS, gnu info, blp chapters 4, 5, 6  
2015-12-14 21:46 23:18  read   The Art of UNIX Programming  
2015-12-14 21:46 23:18  read   The Art of UNIX Programming  
2015-12-15 07:06 07:57  read   The Art of UNIX Programming  
2015-12-15 07:06 07:57  read   The Art of UNIX Programming  
2015-12-15 07:57 10:09  read   blp, online c resources  
2015-12-15 07:57 10:09  read   blp, online c resources  
2015-12-15 10:53 12:50  read   ch 7, 8, 9  
2015-12-15 10:53 12:50  read   ch 7, 8, 9  
2015-12-15 12:50 13:58  read   info make  
2015-12-15 12:50 13:58  read   info make  
2015-12-15 14:41 15:29  read    
2015-12-15 14:41 15:29  read    
2015-12-15 15:29 18:17  dev    1 to 8  
2015-12-15 15:29 18:17  dev    1 to 8  
2015-12-15 18:32 18:57  dev    9  
2015-12-15 18:32 18:57  dev    9  
2015-12-15 19:29 20:13  misc   zsh manpage  
2015-12-15 19:29 20:13  misc   zsh manpage  
2015-12-15 20:13 21:10  read    
2015-12-15 20:13 21:10  read    
2015-12-16 06:57 11:46  dev     
2015-12-16 06:57 11:46  dev     
2015-12-16 12:28 13:36  read    
2015-12-16 12:28 13:36  read    
2015-12-16 13:36 14:48  read    
2015-12-16 13:36 14:48  read    
2015-12-16 14:48 17:52  dev     
2015-12-16 14:48 17:52  dev     
2015-12-16 18:11 19:26  dev     
2015-12-16 18:11 19:26  dev     
2015-12-16 19:26 21:09  read    
2015-12-16 19:26 21:09  read    
2015-12-17 05:24 07:06  read    
2015-12-17 05:24 07:06  read    
2015-12-17 07:06 08:30  ops  
2015-12-17 07:06 08:30  ops  
2015-12-17 08:31 09:30  ops    mutt, gpg  
2015-12-17 08:31 09:30  ops    mutt, gpg  
2015-12-17 15:00 16:22  ops    mutt, gpg  
2015-12-17 15:00 16:22  ops    mutt, gpg  
2015-12-17 16:23 17:35  read    
2015-12-17 16:23 17:35  read    
2015-12-17 17:36 18:51  dev     
2015-12-17 17:36 18:51  dev     
2015-12-17 19:04 21:35  dev     
2015-12-17 19:04 21:35  dev     
2015-12-21 18:20 20:12  dev     
2015-12-21 18:20 20:12  dev     
2015-12-22 06:31 07:21  dev     
2015-12-22 06:31 07:21  dev     
2015-12-22 07:21 10:41  dev     
2015-12-22 07:21 10:41  dev     
2015-12-22 10:46 11:15  read    
2015-12-22 10:46 11:15  read    
2015-12-22 11:15 11:41  read    
2015-12-22 11:15 11:41  read    
2015-12-22 12:12 16:20  dev     
2015-12-22 12:12 16:20  dev     
2015-12-22 16:20 16:46  read    
2015-12-22 16:20 16:46  read    
2015-12-22 16:46 17:28  read    
2015-12-22 16:46 17:28  read    
2015-12-22 17:28 19:51  dev     
2015-12-22 17:28 19:51  dev     
2015-12-23 06:51 08:01  dev     
2015-12-23 06:51 08:01  dev     
2015-12-23 08:01 09:06  ops    mutt/email + read kernel mailing list  
2015-12-23 08:01 09:06  ops    mutt/email + read kernel mailing list  
2015-12-23 09:06 10:19  read    
2015-12-23 09:06 10:19  read    
2015-12-23 10:50 11:50  read    
2015-12-23 10:50 11:50  read    
2015-12-23 12:08 14:47  dev    cleaned up code  
2015-12-23 12:08 14:47  dev    cleaned up code  
2015-12-23 14:47 15:47  read    
2015-12-23 14:47 15:47  read    
2015-12-23 15:47 17:55  dev    also pylinted euler  
2015-12-23 15:47 17:55  dev    also pylinted euler  
2015-12-23 18:18 20:23  dev     
2015-12-23 18:18 20:23  dev     
2015-12-25 16:01 20:03  dev     
2015-12-25 16:01 20:03  dev     
2015-12-26 12:28 16:34  dev     
2015-12-26 12:28 16:34  dev     
2015-12-26 17:23 18:01  dev     
2015-12-26 17:23 18:01  dev     
2015-12-26 18:15 20:17  dev     
2015-12-26 18:15 20:17  dev     
2015-12-27 07:20 07:50  read   finished text  
2015-12-27 07:20 07:50  read   finished text  
2015-12-27 07:50 08:52  dev     
2015-12-27 07:50 08:52  dev     
2015-12-27 08:52 10:57  dev     
2015-12-27 08:52 10:57  dev     
2015-12-27 10:57 11:27  read    
2015-12-27 10:57 11:27  read    
2015-12-27 11:53 13:49  dev     
2015-12-27 11:53 13:49  dev     
2015-12-27 13:49 15:05  read    
2015-12-27 13:49 15:05  read    
2015-12-27 15:05 17:42  dev     
2015-12-27 15:05 17:42  dev     
2015-12-27 18:26 18:33  dev     
2015-12-27 18:26 18:33  dev     
2015-12-27 18:33 19:31  read    
2015-12-27 18:33 19:31  read    
2015-12-27 19:31 20:16  dev     
2015-12-27 19:31 20:16  dev     
2015-12-28 06:52 12:49  dev     
2015-12-28 06:52 12:49  dev     
2015-12-28 14:39 16:35  read   finished text  
2015-12-28 14:39 16:35  read   finished text  
2015-12-28 16:35 16:51  read    
2015-12-28 16:35 16:51  read    
2015-12-28 16:51 17:23  misc   re think current tasks  
2015-12-28 16:51 17:23  misc   re think current tasks  
2015-12-28 17:23 18:37  dev     
2015-12-28 17:23 18:37  dev     
2015-12-28 18:37 21:05  dev     
2015-12-28 18:37 21:05  dev     
2015-12-29 06:44 07:42  read    
2015-12-29 06:44 07:42  read    
2015-12-29 07:42 07:54  misc   resume ideas  
2015-12-29 07:42 07:54  misc   resume ideas  
2015-12-29 07:54 09:59  dev     
2015-12-29 07:54 09:59  dev     
2015-12-29 10:59 12:04  dev     
2015-12-29 10:59 12:04  dev     
2015-12-29 12:05 14:30  dev    ch 2 parts 1 to 4  
2015-12-29 12:05 14:30  dev    ch 2 parts 1 to 4  
