2016-01-03 08:33 09:03  read 
2016-01-03 09:03 09:45  read 
2016-01-03 09:45 10:55  dev    golang graph data types
2016-01-03 13:00 13:51  dev  
2016-01-07 09:45 10:06  ops     
2016-01-07 10:07 10:52  read    
2016-01-07 11:14 13:03  dev     
2016-01-07 13:03 15:30  dev    first three chapters  
2016-01-07 15:37 17:16  dev    chapter 4  
2016-01-07 17:18 18:38  dev    started on chapter 5  
2016-01-07 18:38 19:53  read    
2016-01-08 06:45 08:32  dev     
2016-01-08 09:43 10:50  dev     
2016-01-08 11:15 15:08  dev     
2016-01-08 15:08 15:54  ops    gpg key signing and email  
2016-01-08 16:25 16:49  read    
2016-01-08 16:49 19:24  dev    tobin.cc and www text  
2016-01-09 10:04 12:26  dev     
2016-01-09 12:46 14:43  dev     
2016-01-09 14:49 15:13  read    
2016-01-12 08:41 11:31  dev    Completed text [total time 19 hours 22 minutes]  
2016-01-12 11:31 11:47  misc    
2016-01-12 11:48 12:15  read    
2016-01-12 12:15 17:06  dev     
2016-01-12 17:06 17:09  misc   email  
2016-01-12 17:10 17:49  read    
2016-01-12 17:49 20:10  dev     
2016-01-13 08:15 13:41  dev     
2016-01-13 14:05 18:08  dev     
2016-01-13 18:21 19:46  read    
2016-01-13 19:46 20:46  ops    duplicity  
2016-01-14 08:00 08:27  ops     
2016-01-14 08:27 10:00  dev     
2016-01-14 10:00 11:06  ops    oh my zsh install and config  
2016-01-14 11:27 13:30  dev     
2016-01-14 13:43 14:25  dev     
2016-01-14 14:26 15:34  read    
2016-01-14 15:34 17:59  dev    php codeing  
2016-01-14 18:13 20:47  dev     
2016-01-18 08:58 09:32  misc   email  
2016-01-18 09:32 11:28  ops     
2016-01-18 11:28 12:02  read   miscpleted text  
2016-01-18 12:02 18:19  misc   openbazaar, electrum, bitget, jittertrap  
2016-01-18 18:19 20:22  dev     
2016-01-19 07:00 11:00  dev    unit tests and pull request  
2016-01-19 12:06 13:02  dev    jittertrap  
2016-01-19 13:02 13:44  dev    aur  
2016-01-19 14:27 16:42  read    
2016-01-20 07:29 12:31  dev    refactored Database  
2016-01-20 15:08 16:58  ops    LCA prep  
2016-01-20 17:20 21:02  dev    started refactoring constants.py  
2016-01-21 05:30 08:00  dev     
2016-01-24 16:46 20:48  dev     
2016-01-26 18:00 20:00  dev     
2016-01-27 07:00 17:00  dev     
2016-01-27 19:00 21:15  dev     
2016-02-08 07:30 08:16  ops    lg script update, keybase.io  
2016-02-08 08:17 09:07  ops    ext4 issues  
2016-02-08 09:07 11:09  read    
2016-02-08 11:09 13:53  read   algorithms text  
2016-02-09 07:30 12:30  ops    Arch fresh install  
2016-02-09 12:50 18:30  ops    Arch fresh install  
2016-02-09 18:00 19:45  ops    mutt, getmail, procmail hell!  
2016-02-10 07:33 11:13  dev    kernel, openbazaar, git, email  
2016-02-10 11:13 12:00  read   algorithms text  
2016-02-10 12:30 13:15  dev    modified config.py at request from project, also ob.cfg  
2016-02-10 13:15 15:17  read    
2016-02-10 15:17 18:47  dev     
2016-02-10 19:00 20:30  dev     
2016-02-14 11:52 16:07  dev     
2016-02-14 16:15 18:00  read    
2016-02-14 19:00 20:35  dev     
2016-02-15 06:57 13:15  dev     
2016-02-15 13:45 15:30  read    
2016-02-15 15:35 19:30  dev     
2016-02-16 07:35 08:43  dev     
2016-02-16 08:50 10:29  dev    systemd learning and service file writing  
2016-02-16 10:30 10:48  dev     
2016-02-16 11:15 12:43  read    
2016-02-16 12:58 18:03  dev     
2016-02-16 18:27 21:04  dev     
2016-02-17 07:29 08:11  dev     
2016-02-17 08:11 12:00  dev     
2016-02-17 12:30 15:10  ops    atom editor, emacs modes and some golang code  
2016-02-17 15:11 18:12  dev     
2016-02-17 18:33 20:41  dev     
2016-02-21 14:55 17:43  dev     
2016-02-21 17:43 17:58  dev    read ob slack  
2016-02-21 18:31 20:11  read    
2016-02-21 20:12 20:39  read    
2016-02-21 20:41 20:58  dev    ob slack, golang reading  
2016-02-22 07:30 10:49  dev     
2016-02-22 11:10 14:09  dev     
2016-02-22 14:18 15:55  read    
2016-02-22 15:55 16:24  read    
2016-02-22 16:24 20:00  dev    twisted  
2016-02-23 07:29 11:38  dev     
2016-02-23 12:15 12:40  read    
2016-02-23 12:40 16:00  dev     
2016-02-23 16:01 16:10  dev     
2016-02-23 16:10 16:55  dev     
2016-02-23 16:55 17:13  misc   email and github  
2016-02-23 17:13 18:07  dev     
2016-02-23 18:48 20:59  read    
2016-02-24 07:30 11:57  dev     
2016-02-24 12:30 13:00  read    
2016-02-24 13:00 14:07  dev     
2016-02-24 14:27 18:00  dev     
2016-02-24 19:00 21:00  read    
2016-02-28 14:07 18:00  dev     
2016-02-28 19:00 20:53  dev     
2016-02-29 07:05 09:38  dev     
2016-02-29 09:58 12:05  dev     
2016-02-29 12:34 14:04  dev     
2016-02-29 14:13 14:33  dev     
2016-02-29 14:45 15:09  dev     
2016-02-29 15:48 18:01  dev     
2016-02-29 18:41 21:00  read    
2016-03-01 07:02 09:03  dev     
2016-03-01 09:48 11:47  dev     
2016-03-01 16:05 16:56  dev     
2016-03-01 16:56 18:01  misc   procrastinated plus a little gopl  
2016-03-01 19:00 21:00  read    
2016-03-02 07:30 11:59  dev     
2016-03-02 12:30 12:45  read    
2016-03-02 13:18 16:00  dev     
2016-03-07 09:56 12:19  dev     
2016-03-07 12:19 12:30  misc   maths study    
2016-03-07 13:00 14:10  dev     
2016-03-07 14:10 14:27  read    
2016-03-08 12:10 14:29  dev     
2016-03-12 09:05 10:01  read   ch1  
2016-03-12 10:09 11:10  read   ch2  
2016-03-12 12:00 12:35  read    
2016-03-12 12:38 13:54  dev    challenge 4  
2016-03-12 14:02 14:45  dev    looked over Mitches python project  
2016-03-12 18:05 20:35  read   ch1  
2016-03-13 08:01 09:01  read   ch3  
2016-03-13 09:09 09:37  exc    ch3  
2016-03-13 09:37 10:52  dev     
2016-03-13 10:52 11:34  read   ch4  
2016-03-13 12:40 13:25  exc     
2016-03-13 13:26 14:41  exc     
2016-03-13 14:50 16:05  exc     
2016-03-13 16:06 17:34  dev    worked on personal site  
2016-03-13 19:50 20:42  read   ch5  
2016-03-14 07:28 09:54  exc    ch5  
2016-03-14 10:11 11:09  read   ch6  
2016-03-14 11:18 12:37  exc    ch6  
2016-03-14 12:38 13:15  read   ch7  
2016-03-14 13:15 16:05  exc    start of ch7 (malloc and free)  
2016-03-14 16:32 17:05  read   ch6 and ch7  
2016-03-14 17:06 17:15  dev    tlpi ch7 (allocator imp inmiscplete)  
2016-03-14 17:15 17:48  read   ch8  
2016-03-14 17:48 17:59  exc    ch8  
2016-03-14 18:52 21:02  read    
2016-03-15 07:38 08:03  ops    systemd  
2016-03-15 08:05 08:18  ops    personal page  
2016-03-15 08:18 08:53  read   ch9  
2016-03-15 08:53 11:00  exc    ch9  
2016-03-15 11:00 11:52  read   ch10  
2016-03-15 11:52 11:59  exc    ch10  
2016-03-15 12:00 12:30  read    
2016-03-15 12:55 14:18  read   ch8  
2016-03-15 17:06 17:50  read   ch12  
2016-03-15 19:19 21:05  read    
2016-03-16 08:00 08:25  ops    zsh config  
2016-03-16 08:25 12:09  exc     
2016-03-16 11:57 12:17  read    
2016-03-16 12:17 16:55  dev    C adt's  
2016-03-16 16:57 17:43  exc     
2016-03-16 19:00 21:00  read    
2016-03-17 07:31 11:17  exc     
2016-03-17 12:20 12:40  read    
2016-03-17 12:40 14:33  exc     
2016-03-17 14:36 15:22  exc    Note to self: don't reuse tree pointers to make lists!  
2016-03-17 20:00 20:50  exc    finished ch12  
2016-03-21 12:30 14:24  exc    t_malloc initial attempt  
2016-03-21 15:26 17:06  exc    debugged ch 12  
2016-03-21 17:06 17:38  read   ch13  
2016-03-21 17:38 18:31  exc    ch13  
2016-03-21 19:04 19:57  read   ch14  
2016-03-21 20:00 22:00  read    
2016-03-22 07:34 08:06  ops     
2016-03-22 08:06 09:06  exc    ch14  
2016-03-22 09:15 10:35  read   ch15  
2016-03-22 10:55 11:31  ops    shell  
2016-03-22 11:31 13:54  exc    ch15  
2016-03-22 13:55 14:15  read   ch16  
2016-03-22 14:48 15:23  read   ch17  
2016-03-22 15:23 16:50  exc    ch17  
2016-03-22 16:51 17:49  read   ch18  
2016-03-22 19:00 21:00  read    
2016-03-23 07:27 08:35  exc     
2016-03-23 09:38 13:10  exc     
2016-03-23 13:24 13:56  read   ch19  
2016-03-23 13:56 14:39  exc     
2016-03-23 14:39 16:02  ops    printer (oh brother!)  
2016-03-23 16:02 16:18  exc     
2016-03-27 09:01 09:13  dev     
2016-03-27 09:13 10:01  dev     
2016-03-27 10:01 13:25  exc     
2016-03-27 14:26 15:20  exc     
2016-03-27 15:21 17:59  dev     
2016-03-27 19:30 21:30  read    
2016-03-28 08:12 08:52  read   ch20  
2016-03-28 08:52 09:45  misc    
2016-03-28 09:45 10:45  exc    ch20  
2016-03-28 10:45 11:30  read   ch21  
2016-03-28 11:30 12:05  exc    ch21  
2016-03-28 12:09 13:07  read   ch22  
2016-03-28 13:40 15:03  exc    ch22  
2016-03-28 15:03 15:36  misc   plasma language  
2016-03-28 15:36 16:18  read    
2016-03-28 16:18 18:30  dev    html generation in python  
2016-03-28 18:30 19:15  misc    
2016-03-28 19:15 21:00  misc    
2016-03-29 08:05 09:28  read   ch23  
2016-03-29 09:41 11:17  exc    ch23  
2016-03-29 11:17 11:56  read   ch24  
2016-03-29 12:03 12:12  exc    ch24  
2016-03-29 12:14 12:27  read   ch25  
2016-03-29 12:27 12:30  exc    ch25  
2016-03-29 12:52 13:50  read   ch26  
2016-03-29 13:50 14:50  exc    ch26  
2016-03-29 14:51 15:15  read   arm assembler  
2016-03-29 15:15 15:42  read    
2016-03-29 15:42 18:01  dev    html generator and personal website  
2016-03-29 18:20 19:05  misc    
2016-03-29 19:05 21:00  misc    
2016-03-30 07:26 09:08  read   ch27  
2016-03-30 09:08 09:30  exc     
2016-03-30 10:00 12:02  exc     
2016-03-30 12:32 13:32  read   ARM Assembly Language, William Hohl  
2016-03-30 13:33 15:01  exc    ch27  
2016-03-30 15:11 15:40  read   ch28  
2016-03-30 15:40 15:56  exc    ch28  
2016-03-30 15:57 17:56  dev    more code generation  
2016-03-30 18:25 19:05  misc    
2016-03-30 19:05 21:00  misc    
2016-04-03 17:51 18:20  read   ch29  
2016-04-03 18:21 18:54  exc     
2016-04-03 18:54 19:36  read   ch30  
2016-04-03 19:36 21:02  exc     
2016-04-04 06:51 07:39  exc    finished ch30  
2016-04-04 07:39 08:11  read   ch31  
2016-04-04 08:11 09:27  exc    ch31  
2016-04-04 09:27 10:00  read   ch32  
2016-04-04 11:24 11:49  read   ch33  
2016-04-04 11:49 12:26  exc    ch32  
2016-04-04 12:26 13:01  ops    mutt, email etc  
2016-04-04 13:02 13:51  ops    duplicity, kernel problems  
2016-04-04 13:52 14:32  read    
2016-04-04 16:36 17:09  read   ch34  
2016-04-04 17:09 18:30  exc     
2016-04-04 18:30 21:00  misc    
2016-04-05 07:29 08:43  exc    ch34  
2016-04-05 08:43 09:50  read   ch35  
2016-04-05 09:50 11:51  exc    start ch35  
2016-04-05 11:51 12:10  read   ch36  
2016-04-05 12:52 13:26  exc    miscpleted ch35  
2016-04-05 13:26 14:59  exc    ch36  
2016-04-05 14:59 15:43  read   ch37  
2016-04-05 15:43 15:57  exc    ch37  
2016-04-05 15:59 18:02  dev    html code gen and persoal site  
2016-04-05 18:30 21:00  misc    
2016-04-06 07:27 07:57  read   ch38  
2016-04-06 07:57 10:21  exc    ch38  
2016-04-06 10:21 12:00  read   memory paper  
2016-04-06 12:25 13:30  read   memory paper  
2016-04-06 13:30 14:00  misc    
2016-04-06 17:00 21:00  misc   lug meeting  
2016-04-14 07:43 08:50  read   ch39  
2016-04-14 08:50 09:11  exc    ch39  
2016-04-14 09:11 10:00  read   ch40  
2016-04-14 11:22 13:29  exc    ch40  
2016-04-14 13:29 14:40  read   ch41  
2016-04-14 14:40 15:23  read   ch42  
2016-04-14 16:01 17:18  exc    ch42  
2016-04-14 17:19 19:19  dev    toptalk  
2016-04-14 19:19 19:49  read   memory paper  
2016-04-15 07:23 07:56  dev    tlpi re read libcap section  
2016-04-15 07:57 08:27  read   ch43  
2016-04-15 10:09 11:43  read   ch44  
2016-04-16 15:30 16:26  read   ch3  
2016-04-16 16:27 18:05  exc     
2016-04-16 18:29 19:58  exc     
2016-04-16 20:00 21:00  misc    
2016-04-17 07:31 09:10  dev     
2016-04-17 09:10 09:55  read    
2016-04-17 11:30 13:04  dev     
2016-04-17 13:29 14:22  read    
2016-04-17 14:22 16:44  dev     
2016-04-17 16:45 17:59  exc    ch44  
2016-04-17 18:25 19:09  read   ch45  
2016-04-17 19:09 19:58  exc    ch45  
2016-04-17 19:58 21:00  misc    
2016-04-18 07:22 08:30  dev     
2016-04-18 08:30 09:32  read   ch46 and ch47  
2016-04-18 09:32 09:52  dev    stackoverflow pipe question/answer  
2016-04-18 10:00 10:39  dev    fix patch set to include full name  
2016-04-18 12:36 13:46  ops    configure mutt/emacs  
2016-04-18 13:46 14:37  read    
2016-04-18 14:37 18:00  exc     
2016-04-18 18:30 18:52  exc    ch46  
2016-04-18 18:52 20:07  read   ch6  
2016-04-18 20:07 21:00  misc    
2016-04-23 07:50 09:29  read    
2016-05-09 10:00 10:59  misc   misc ops and setup ldd github repo  
2016-05-09 11:00 11:58  read   chapter 1  
2016-05-09 11:58 13:43  dev     
2016-05-09 13:43 15:18  dev     
2016-05-09 16:01 18:04  dev     
2016-05-09 18:54 19:38  exc     
2016-05-10 06:48 07:44  dev     
2016-05-10 07:44 11:33  dev     
2016-05-10 11:48 14:29  dev     
2016-05-10 15:29 17:59  dev     
2016-05-11 07:27 11:23  dev     
2016-05-11 11:32 11:55  read    
2016-05-11 13:23 15:24  dev     
2016-05-11 16:30 17:58  dev     
2016-05-11 18:21 18:56  dev     
2016-05-15 16:00 17:39  read    
2016-05-15 17:52 19:13  dev     
2016-05-15 19:32 19:50  dev     
2016-05-15 19:50 20:17  read    
2016-05-16 07:30 10:12  dev     
2016-05-16 11:11 12:44  dev     
2016-05-16 13:04 13:47  read    
2016-05-16 14:19 17:26  dev     
2016-05-16 17:26 19:00  dev     
2016-05-16 19:00 21:00  misc    
2016-05-17 07:22 07:47  dev     
2016-05-17 07:47 09:30  read    
2016-05-17 10:20 10:51  dev     
2016-05-17 11:02 14:17  dev     
2016-05-17 15:11 17:55  dev     
2016-05-17 17:55 18:54  dev     
2016-05-17 18:54 21:00  misc    
2016-05-18 07:27 10:29  dev     
2016-05-18 11:49 13:26  dev    finished the text  
2016-05-18 18:22 19:00  read    
2016-05-18 19:00 21:00  misc    
2016-05-22 11:55 13:53  dev     
2016-05-22 14:33 16:43  read    
2016-05-22 18:27 19:25  read    
2016-05-22 19:25 21:34  dev     
2016-05-23 07:28 12:05  dev     
2016-05-23 13:50 14:39  dev     
2016-05-23 14:50 15:12  read    
2016-05-23 15:44 20:27  dev     
2016-05-24 07:16 08:41  read    
2016-05-24 08:41 10:30  dev     
2016-05-24 12:00 12:52  dev     
2016-05-24 14:00 15:50  dev     
2016-05-24 16:20 20:00  dev     
2016-05-24 20:15 21:15  misc    
2016-05-25 07:28 09:30  read    
2016-05-25 09:58 12:00  dev     
2016-05-25 13:36 14:05  dev     
2016-05-25 14:37 15:42  read    
2016-05-25 16:29 18:04  dev     
2016-05-25 18:24 20:46  dev     
2016-05-29 12:26 13:33  read    
2016-05-29 14:56 15:54  read    
2016-05-29 15:54 16:54  dev     
2016-05-29 16:54 18:00  read    
2016-05-29 18:13 18:58  read    
2016-05-29 18:58 21:07  misc   gnome setup on laptop  
2016-05-30 07:03 09:50  read   finished text  
2016-05-30 09:53 10:19  misc   prep for next session  
2016-05-30 11:47 13:58  ops     
2016-05-30 15:03 18:21  dev     
2016-05-30 19:00 19:40  misc    
2016-05-30 19:40 21:50  dev     
2016-05-31 07:40 12:00  dev     
2016-05-31 12:30 13:40  dev     
2016-05-31 14:58 17:24  dev    aal and gas manual  
2016-05-31 18:50 21:11  dev     
2016-06-01 07:31 10:09  dev     
2016-06-01 07:31 10:09  dev     
2016-06-01 11:09 21:28  dev     
2016-06-01 11:09 21:28  dev     
2016-06-05 16:30 21:29  dev     
2016-06-05 16:30 21:29  dev     
2016-06-05 21:29 23:08  dev     
2016-06-05 21:29 23:08  dev     
2016-06-06 08:06 11:03  dev     
2016-06-06 08:06 11:03  dev     
2016-06-06 11:59 13:00  dev     
2016-06-06 11:59 13:00  dev     
2016-06-06 13:30 18:55  dev     
2016-06-06 13:30 18:55  dev     
2016-06-06 18:55 21:00  misc   start linear algebra text  
2016-06-06 18:55 21:00  misc   start linear algebra text  
2016-06-07 07:42 10:37  dev     
2016-06-07 07:42 10:37  dev     
2016-06-07 12:50 17:41  dev     
2016-06-07 17:41 18:04  read    
2016-06-07 18:20 19:03  read    
2016-06-07 19:04 21:00  misc    
2016-06-08 07:31 09:29  dev     
2016-06-08 10:00 12:00  dev     
2016-06-08 12:45 16:44  dev     
2016-06-12 12:54 18:08  dev     
2016-06-12 19:29 20:47  dev     
2016-06-13 07:22 09:22  read    
2016-06-13 10:00 11:37  dev    fixed up website  
2016-06-13 11:37 11:46  misc   emails  
2016-06-13 11:46 13:14  ops     
2016-06-13 14:07 15:25  misc    
2016-06-13 17:00 19:41  dev    chapters 1 to 4 inclusive  
2016-06-13 19:41 20:39  misc   linear algebra  
2016-06-13 20:39 21:00  read    
2016-06-14 06:35 09:45  dev     
2016-06-14 11:35 12:00  read    
2016-06-14 12:42 14:39  read    
2016-06-14 16:21 17:57  dev     
2016-06-14 18:20 20:58  dev     
2016-06-15 07:38 10:25  dev     
2016-06-15 12:00 14:20  dev     
2016-06-15 16:50 21:32  dev     
2016-06-19 12:56 15:05  dev     
2016-06-19 16:15 17:59  dev     
2016-06-19 18:17 20:41  dev     
2016-06-19 20:41 21:13  read    
2016-06-20 07:12 09:28  dev     
2016-06-20 09:42 10:46  read    
2016-06-20 12:11 12:44  dev     
2016-06-20 15:00 17:50  dev     
2016-06-20 17:50 18:07  misc   guile manual  
2016-06-20 18:07 20:17  read    
2016-06-21 07:49 09:50  dev     
2016-06-21 10:57 12:00  read   style guide  
2016-06-21 12:40 14:55  dev     
2016-06-21 14:55 18:01  dev     
2016-06-21 18:30 21:17  dev     
2016-06-22 07:27 09:00  dev     
2016-06-22 09:35 11:48  dev     
2016-06-22 12:29 15:07  dev     
2016-06-22 16:30 18:32  dev     
2016-06-22 19:02 21:02  dev     
2016-06-23 07:00 13:00  dev     
2016-06-30 19:00 20:57  dev     
2016-07-01 09:30 11:07  ops    mutt  
2016-07-01 11:07 13:00  dev     
2016-07-01 14:25 14:56  dev    miscpleted chapter 1  
2016-07-01 16:00 20:24  dev     
2016-07-01 20:24 21:01  read    
2016-07-02 09:25 10:11  dev     
2016-07-02 10:11 11:43  misc   procmail  
2016-07-02 12:43 13:54  misc   getmail/procmail hell  
2016-07-02 13:54 18:05  dev     
2016-07-02 19:24 21:02  dev     
2016-07-03 08:57 10:46  dev     
2016-07-03 10:47 10:56  misc   mutt  
2016-07-03 12:50 17:51  dev     
2016-07-03 18:25 19:26  dev     
2016-07-03 19:26 20:23  misc   code miscplete  
2016-07-03 20:23 21:01  dev     
2016-07-04 06:30 11:43  dev     
2016-07-04 13:03 14:44  dev     
2016-07-06 11:08 13:00  dev     
2016-07-06 13:30 14:14  dev     
2016-07-10 10:00 12:22  dev     
2016-07-10 12:50 14:01  dev     
2016-07-10 14:18 15:53  dev     
2016-07-10 17:43 18:44  dev     
2016-07-11 08:19 08:42  misc   emails  
2016-07-11 08:42 11:33  dev     
2016-07-11 13:01 15:05  dev     
2016-07-11 16:14 20:41  dev     
2016-07-12 07:25 10:01  dev     
2016-07-12 10:01 10:30  misc    
2016-07-12 11:53 13:30  dev     
2016-07-12 13:56 19:31  dev     
2016-07-13 07:26 12:00  dev    hacking on guile  
2016-07-13 12:00 14:10  dev    guile patch  
2016-07-17 13:00 18:01  dev     
2016-07-17 19:30 20:30  dev     
2016-07-18 07:58 11:42  dev     
2016-07-18 11:55 13:13  dev     
2016-07-18 14:20 15:50  dev     
2016-07-18 16:30 20:56  dev     
2016-07-19 07:25 09:59  dev     
2016-07-19 12:03 14:40  dev     
2016-07-19 16:00 18:01  dev     
2016-07-19 18:21 21:04  dev     
2016-07-20 07:32 09:59  dev     
2016-07-20 10:31 12:59  dev     
2016-07-20 13:30 14:43  dev     
2016-07-20 15:49 17:05  dev    guile patch  
2016-07-20 18:05 20:59  dev     
2016-07-24 14:14 18:57  dev     
2016-07-24 19:21 21:10  dev     
2016-07-25 07:33 10:41  dev     
2016-07-25 10:50 11:46  dev    finished chapter 3  
2016-07-25 13:09 16:19  dev     
2016-07-25 16:37 19:22  dev     
2016-07-26 07:17 09:32  dev     
2016-07-26 09:37 11:25  dev     
2016-07-26 12:56 16:20  dev     
2016-07-26 16:26 17:59  dev     
2016-07-26 18:47 20:55  dev     
2016-07-27 07:31 10:37  dev    sicp and guile patch  
2016-07-27 10:44 11:56  dev     
2016-07-27 12:16 13:48  dev     
2016-08-08 11:30 17:05  dev     
2016-08-29 11:28 14:08  dev     
2016-08-29 14:44 15:30  dev     
2016-08-29 18:36 19:04  dev     
2016-08-29 19:04 20:09  read    
2016-08-30 07:45 10:00  read    
2016-08-30 10:31 12:00  read    
2016-08-30 13:12 15:33  read    
2016-08-30 16:07 17:57  dev     
2016-08-30 18:25 19:21  dev     
2016-08-30 19:23 19:40  dev     
2016-08-31 07:37 09:05  read    
2016-08-31 09:05 10:47  dev     
2016-08-31 10:47 11:35  dev    personal website and resume  
2016-08-31 11:35 12:04  misc   job hunt     
2016-08-31 12:43 13:38  read    
2016-08-31 13:38 14:55  read    
2016-08-31 14:56 16:08  misc   job hunt
2016-08-31 17:08 18:00  dev     
2016-08-31 18:22 21:11  read    
2016-09-04 16:00 19:28  dev     
2016-09-04 16:00 19:28  dev       
2016-09-04 19:28 21:12  dev     
2016-09-04 19:28 21:12  dev       
2016-09-04 21:12 22:00  read    
2016-09-04 21:12 22:00  read      
2016-09-05 07:53 12:39  dev     
2016-09-05 07:53 12:39  dev       
2016-09-05 13:01 13:40  dev     
2016-09-05 13:01 13:40  dev       
2016-09-05 15:10 17:08  dev     
2016-09-05 15:10 17:08  dev       
2016-09-05 17:10 17:32  misc    
2016-09-05 17:10 17:32  misc      
2016-09-05 17:33 18:07  dev       
2016-09-05 18:22 19:50  read      
2016-09-05 20:05 22:00  read      
2016-09-06 07:18 13:02  dev    and read last bit of rwh chapter    
2016-09-06 13:09 14:17  read      
2016-09-06 14:17 15:45  dev       
2016-09-06 16:17 18:16  read      
2016-09-06 18:28 19:31  dev       
2016-09-07 07:00 11:04  dev       
2016-09-07 11:13 11:43  read      
2016-09-07 12:38 16:00  dev       
2016-09-11 12:15 12:46  misc      
2016-09-11 12:48 14:30  dev       
2016-09-11 14:51 16:54  read      
2016-09-11 16:54 20:40  dev       
2016-09-13 07:34 08:43  dev       
2016-09-13 08:43 10:56  dev       
2016-09-13 11:01 12:37  dev       
2016-09-13 13:20 15:20  dev       
2016-09-13 15:20 16:30  dev       
2016-09-13 16:36 17:25  read      
2016-09-13 17:25 18:06  dev    BST implementation    
2016-09-13 18:18 19:40  dev       
2016-09-13 19:40 20:15  ops    clean up github repos    
2016-09-13 20:16 21:45  misc   resume writing    
2016-09-14 07:31 09:58  dev       
2016-09-14 10:30 11:54  dev       
2016-09-14 12:17 12:25  dev       
2016-09-14 12:51 13:35  dev       
2016-09-14 13:36 14:21  read      
2016-09-14 14:21 16:26  misc      
2016-09-14 16:26 19:39  dev       
2016-09-14 19:39 21:01  misc   html resume    
2016-09-18 11:49 12:39  read      
2016-09-18 12:39 13:11  read      
2016-09-18 13:11 13:35  misc      
2016-09-18 17:42 18:50  dev    wk01    
2016-09-18 18:51 20:16  dev    wk02    
2016-09-18 20:20 21:03  read      
2016-09-19 07:29 11:07  dev    wk03    
2016-09-19 11:34 14:24  dev       
2016-09-19 15:19 16:22  read      
2016-09-19 16:24 17:58  dev       
2016-09-19 19:30 19:25  dev       
2016-09-20 07:26 10:33  dev    wk04    
2016-09-20 10:47 12:32  dev       
2016-09-20 13:25 16:14  dev    wk05    
2016-09-20 16:15 17:24  read      
2016-09-20 17:24 18:00  dev       
2016-09-20 18:19 19:43  dev       
2016-09-20 19:43 21:18  dev       
2016-09-21 07:42 08:44  misc   plasmalang, category theory    
2016-09-21 08:44 09:56  dev       
2016-09-21 11:06 12:08  dev    wk06    
2016-09-21 12:08 16:17  dev       
2016-09-21 16:17 18:55  dev       
2016-09-21 18:56 19:41  read    
2016-09-21 19:41 20:46  misc   updated resume  
2016-09-21 20:46 20:59  dev    lg script  
2016-09-23 16:30 22:30  misc   ubuntu install and setup  
2016-09-24 08:00 12:49  dev    started work on MAAS  
2016-09-24 13:42 15:52  dev     
2016-09-24 16:12 20:00  dev     
2016-09-24 22:00 00:20  dev    worked on log scripts in python  
2016-09-25 09:00 14:03  dev    python script for log reports  
2016-09-25 14:44 17:15  dev    python script for creating logs  
2016-09-25 17:20 19:10  dev    added features to report
2016-09-25 19:16 20:37  dev     continued effort on edc task 5
2016-09-26 05:30 06:00  ops    set up golang dev environment
2016-09-26 07:00 08:46  dev    
2016-09-26 09:32 11:40  dev    
2016-09-26 12:26 13:01  dev    
2016-09-26 13:43 17:37  dev    
2016-09-26 18:06 20:28  dev    
2016-09-29 16:22 17:28  dev    
2016-09-29 17:55 19:10  dev    
2016-09-29 19:27 19:57  dev    
2016-09-29 20:18 21:30  dev    
2016-09-30 06:39 08:40  dev    
2016-09-30 09:28 11:51  dev    
2016-09-30 13:05 14:14  dev  
2016-09-30 14:20 15:56  dev    
2016-10-01 08:00 11:02  dev    
2016-10-01 20:01 20:49  dev    
2016-10-02 11:53 14:50  dev  
2016-10-02 14:50 15:20  dev    updated resume.html
2016-10-02 16:00 16:54  dev    
2016-10-02 16:54 17:50  read   
2016-10-02 18:01 19:03  dev    
2016-10-02 20:32 21:33  dev    
2016-10-03 07:58 09:59  dev    
2016-10-03 10:05 13:28  dev    
2016-10-03 14:36 15:21  dev  
2016-10-03 15:52 17:47  dev    
2016-10-03 17:55 19:29  read   
2016-10-03 19:31 21:22  dev    
2016-10-04 14:58 16:48  dev     finished chapter 6
2016-10-04 16:48 18:01  dev    
2016-10-04 18:37 19:08  dev    
2016-10-04 19:26 21:10  dev    
2016-10-04 21:12 21:32  read   
2016-10-09 17:56 19:20  dev    
2016-10-10 08:03 08:16  dev    
2016-10-10 09:51 12:39  dev    
2016-10-10 12:44 13:44  dev    
2016-10-10 14:12 16:24  dev    
2016-10-10 17:23 19:16  dev    
2016-10-10 19:22 19:40  dev    
2016-10-10 19:40 20:25  read   
2016-10-11 07:28 10:02  dev    
2016-10-11 10:11 11:59  dev    
2016-10-11 13:22 17:58  dev    
2016-10-11 18:46 19:31  read   
2016-10-11 19:31 20:08  dev    
2016-10-11 20:08 22:22  dev     hugo, created blog
2016-10-12 07:58 10:00  dev    
2016-10-12 10:48 12:16  dev  
2016-10-12 13:00 19:30  dev    pair programming with mkuchin
2016-10-12 19:49 20:56  dev    
2016-10-12 21:20 23:47  dev    
2016-10-13 20:22 22:08  dev    
2016-10-14 17:44 23:00  dev  
2016-10-15 08:16 10:23  dev    Edytpula Challenge 5
2016-10-15 10:23 12:19  dev    converting tobin.cc to use Hugo
2016-10-15 13:00 15:27  dev  
2016-10-15 17:21 18:05  read    pro git
2016-10-15 18:05 18:57  dev    
2016-10-15 19:40 22:49  dev    
2016-10-16 10:55 13:11  dev    
2016-10-16 14:28 18:25  dev    
2016-10-16 18:46 19:16  misc   blog plan
2016-10-16 19:16 21:05  misc   started discrete math text
2016-10-17 07:43 09:51  dev     wrote stack blog post
2016-10-17 10:00 13:19  dev     wrote ftp client and server, has bugs
2016-10-17 13:39 15:10  read 
2016-10-17 15:10 15:42  dev    implement queue
2016-10-17 16:26 20:22  dev  
2016-10-18 07:45 08:08  dev     resubmit challenge 5
2016-10-18 08:08 11:44  dev    
2016-10-18 11:44 11:59  dev    
2016-10-18 12:26 15:40  dev    
2016-10-18 16:56 18:08  dev    
2016-10-18 18:31 18:43  dev    
2016-10-18 18:43 21:00  misc 
2016-10-19 08:24 09:25  misc    Set up session save and restore (unity)
2016-10-19 09:25 10:44  misc    Attempt to set up emacs desktop sessions, fail
2016-10-19 10:45 11:52  dev    Implement insertion sort
2016-10-19 12:26 16:48  dev    Implement merge sort
2016-10-19 16:52 17:09  dev    
2016-10-20 08:31 10:42  dev    
2016-10-20 10:42 12:54  dev    
2016-10-20 13:55 14:50  dev    
2016-10-20 14:50 16:16  dev    
2016-10-20 17:00 21:40  dev  
2016-10-24 13:00 15:58  dev    
2016-10-24 16:19 19:07  dev    
2016-10-24 19:13 20:30  misc 
2016-10-25 07:25 08:37  read   read golang blog, utf_8 and strings
2016-10-25 08:37 12:51  dev    
2016-10-25 13:15 15:22  dev    
2016-10-25 16:00 17:58  dev    
2016-10-25 18:02 20:14  read   
2016-10-26 07:27 09:06  read   
2016-10-26 09:06 10:12  misc   Write queue blog post
2016-10-26 10:47 11:28  misc   Write bag blog post
2016-10-26 12:05 15:03  dev    
2016-10-26 15:17 16:18  dev    
2016-10-26 17:02 18:06  read   
2016-10-27 07:30 09:54  dev    AWS Lambda function in Go with Apex
2016-10-31 07:30 12:10  dev    AWS lambda email server project
2016-10-31 13:04 15:00  dev    binary search trees
2016-10-31 19:21 21:22  dev  
2016-11-01 08:30 11:30  dev    implement binary search tree
2016-11-01 11:30 13:47  misc   Write binary search tree post
2016-11-01 15:20 18:43  dev  
2016-11-01 18:56 20:51  dev  
2016-11-02 07:35 16:00  dev    AWS Lambda hackathon with Max
2016-11-02 17:30 20:30  misc   LUG meet up
2016-11-02 21:00 22:30  dev    8 queens problem in Golang
2016-11-03 08:37 09:55  dev    refactor and generalize 8 queens
2016-11-03 09:56 10:40  misc 
2016-11-03 12:30 13:30  dev    
2016-11-03 15:05 18:31  dev  
2016-11-03 18:59 21:00  dev  
2016-11-07 09:41 11:42  dev  
2016-11-07 12:20 18:01  dev  
2016-11-07 18:27 19:25  dev  
2016-11-07 19:30 20:54  misc 
2016-11-08 07:30 08:31  dev  
2016-11-08 08:31 11:11  dev    gopl, data structures read plus dev
2016-11-08 11:11 12:31  misc   Write Dequeue blog post
2016-11-08 12:31 13:01  read 
2016-11-08 13:48 15:37  dev  
2016-11-08 15:37 18:01  dev  
2016-11-08 19:00 21:00  misc 
2016-11-09 07:41 09:30  dev  
2016-11-09 09:30 09:55  misc   research and order new ssd
2016-11-09 09:55 13:11  dev  
2016-11-09 14:06 18:47  dev  
2016-11-10 06:24 06:43  misc   golang internals
2016-11-10 06:43 12:00  dev    Implement heap and write blog post
2016-11-10 12:59 14:01  dev  
2016-11-10 14:45 18:30  dev    
2016-11-13 14:06 16:57  dev  
2016-11-13 19:16 20:13  dev  
2016-11-14 07:02 08:23  read 
2016-11-14 08:30 10:52  dev  
2016-11-14 11:10 13:08  dev  
2016-11-14 13:39 15:37  dev    Linux shell challenges
2016-11-14 18:00 19:07  dev  
2016-11-14 19:07 20:30  misc 
2016-11-15 07:22 08:25  read   Read chapter 10
2016-11-15 08:25 10:28  dev    Start exercises chapter 10
2016-11-15 11:00 11:39  dev  
2016-11-15 14:11 17:07  dev    Complete exercises chapter 10
2016-11-15 17:08 17:55  read   Read chapter 11
2016-11-15 18:31 19:45  dev    Complete exercises chapter 11
2016-11-15 19:45 20:58  dev  
2016-11-16 07:23 09:39  dev    Worked on log/report scripts
2016-11-16 09:44 10:24  read 
2016-11-16 10:40 11:59  read 
2016-11-16 12:43 13:51  misc   Setup weechat, and ask question on go_nuts
2016-11-16 13:52 16:42  dev    Write Goraph patch and do pull request
2016-11-16 17:10 18:31  dev    More graphs
2016-11-16 18:56 20:59  dev    
2016-11-21 16:11 18:59  dev    graph hacking, github.com/gonum
2016-11-22 06:18 07:30  dev  
2016-11-22 09:07 12:01  dev  
2016-11-22 12:42 16:00  dev  
2016-11-22 16:31 18:16  dev  
2016-11-22 19:00 20:10  misc   
2016-11-23 07:42 11:54  dev  
2016-11-23 12:37 13:55  dev  
2016-11-24 16:17 17:56  dev  
2016-11-24 17:56 18:12  read 
2016-11-24 18:47 20:03  read 
2016-11-24 20:10 20:39  read   Go design patterns paper
2016-11-27 16:50 20:38  dev  
2016-11-28 07:10 07:40  read 
2016-11-28 08:00 08:36  read 
2016-11-28 08:36 11:52  dev  
2016-11-28 12:45 15:12  dev  
2016-11-28 15:30 17:47  dev  
2016-11-29 10:00 10:43  dev    Add to and test lib/tricks.go.
2016-11-29 10:43 12:13  dev  
2016-11-29 13:30 17:05  dev  
2016-11-29 18:03 20:38  dev  
2016-11-30 08:11 09:20  dev  
2016-11-30 09:20 10:09  read 
2016-11-30 10:09 11:05  dev  
2016-11-30 11:15 12:11  read 
2016-11-30 13:16 17:56  dev  
2016-11-30 18:17 20:51  dev  
2016-12-01 07:30 08:30  dev  
2016-12-02 21:33 22:43  dev  
2016-12-04 17:30 19:57  dev  
2016-12-05 08:04 12:06  dev  
2016-12-05 17:00 20:40  dev  
2016-12-06 05:47 06:20  dev  
2016-12-06 07:10 10:26  dev  
2016-12-06 10:26 12:53  misc   Write HackerRank blog post
2016-12-06 13:59 15:23  read 
2016-12-06 15:46 16:23  dev    explored gonum/graph plus documentation PR
2016-12-06 17:45 21:04  dev    Work on union find function.
2016-12-11 19:45 20:45  dev  
2016-12-12 06:43 07:16  dev    gonum graph pull request
2016-12-12 07:16 08:30  dev  
2016-12-12 08:30 08:45  read 
2016-12-12 09:49 10:42  read 
2016-12-12 10:58 13:21  dev  
2016-12-12 13:47 14:30  dev  
2016-12-12 14:45 18:29  dev  
2016-12-12 19:47 21:00  misc   
2016-12-13 07:24 10:40  dev  
2016-12-13 10:40 11:27  dev    gonum union find benchmarks and PR
2016-12-13 12:30 14:00  dev  
2016-12-13 14:41 18:07  dev  
2016-12-13 18:54 19:26  read 
2016-12-13 19:26 21:00  misc 
2016-12-14 10:13 13:38  dev  
2016-12-17 17:05 18:45  read 
2016-12-17 19:00 21:56  misc   Update resume, LinkedIn, and personal website 
2016-12-19 08:49 09:38  misc   procrastination, youtube and email
2016-12-19 09:38 11:05  read 
2016-12-19 11:05 11:38  misc   Reworked resume suggestions by Tycho
2016-12-19 11:38 14:25  dev  
2016-12-19 16:05 16:55  read 
2016-12-19 17:12 17:38  dev  
2016-12-19 18:10 21:44  dev  
2016-12-20 06:58 08:08  read 
2016-12-20 09:05 11:17  dev  
2016-12-20 12:25 13:08  dev  
2016-12-20 13:26 16:16  dev  
2016-12-20 19:30 20:38  dev  
2016-12-21 06:30 09:34  dev  
2016-12-27 15:30 20:03  dev  
2016-12-28 06:21 12:28  dev  
2016-12-28 13:30 14:22  dev  
2016-12-28 14:23 14:40  read 
2016-12-28 14:40 14:59  dev    update personal website
2016-12-28 14:59 15:19  read 
2016-12-28 15:19 16:17  read 
2016-12-28 16:37 17:59  dev  
2016-12-28 18:30 20:00  misc 
2016-12-29 06:58 09:40  dev  
2016-12-29 14:07 14:38  read 
2016-12-29 14:38 16:27  dev  
2016-12-29 16:51 18:16  dev  
2016-12-29 18:33 20:00  dev  
